2018-10-06 19:48:38,443 [Worker-24] INFO  o.e.m.c.i.l.LifecycleMappingFactory - Using org.maven.ide.eclipse.wtp.WarLifecycleMapping lifecycle mapping for MavenProject: com.raizcorp:boardweb:1.0.0-BUILD-SNAPSHOT @ D:\project\BoardWeb\pom.xml.
2018-10-06 19:48:40,555 [Worker-24] WARN  o.e.m.c.i.embedder.EclipseLogger - Using platform encoding (MS949 actually) to copy filtered resources, i.e. build is platform dependent!
2018-10-06 19:48:40,561 [Worker-24] INFO  o.e.m.c.i.embedder.EclipseLogger - Copying 1 resource
2018-10-06 19:48:40,574 [Worker-24] WARN  o.e.m.c.i.embedder.EclipseLogger - Using platform encoding (MS949 actually) to copy filtered resources, i.e. build is platform dependent!
2018-10-06 19:48:40,576 [Worker-24] INFO  o.e.m.c.i.embedder.EclipseLogger - Copying 1 resource
2018-10-06 19:48:41,815 [Worker-5] INFO  o.e.m.c.i.l.LifecycleMappingFactory - Using org.maven.ide.eclipse.wtp.WarLifecycleMapping lifecycle mapping for MavenProject: com.raizcorp:boardweb:1.0.0-BUILD-SNAPSHOT @ D:\project\BoardWeb\pom.xml.
2018-10-06 19:48:42,437 [Worker-10] WARN  o.e.m.c.i.embedder.EclipseLogger - Using platform encoding (MS949 actually) to copy filtered resources, i.e. build is platform dependent!
2018-10-06 19:48:42,452 [Worker-10] INFO  o.e.m.c.i.embedder.EclipseLogger - Copying 1 resource
2018-10-06 19:48:42,462 [Worker-10] WARN  o.e.m.c.i.embedder.EclipseLogger - Using platform encoding (MS949 actually) to copy filtered resources, i.e. build is platform dependent!
2018-10-06 19:48:42,465 [Worker-10] INFO  o.e.m.c.i.embedder.EclipseLogger - Copying 1 resource
2018-10-06 19:48:43,903 [Worker-15] WARN  o.e.m.c.i.embedder.EclipseLogger - Using platform encoding (MS949 actually) to copy filtered resources, i.e. build is platform dependent!
2018-10-06 19:48:43,904 [Worker-15] INFO  o.e.m.c.i.embedder.EclipseLogger - Copying 0 resource
2018-10-06 19:48:43,905 [Worker-15] WARN  o.e.m.c.i.embedder.EclipseLogger - Using platform encoding (MS949 actually) to copy filtered resources, i.e. build is platform dependent!
2018-10-06 19:48:43,906 [Worker-15] INFO  o.e.m.c.i.embedder.EclipseLogger - Copying 0 resource
2018-10-06 20:43:57,587 [Worker-43] WARN  o.e.m.c.i.embedder.EclipseLogger - Using platform encoding (MS949 actually) to copy filtered resources, i.e. build is platform dependent!
2018-10-06 20:43:57,591 [Worker-43] INFO  o.e.m.c.i.embedder.EclipseLogger - Copying 0 resource
2018-10-06 20:43:57,593 [Worker-43] WARN  o.e.m.c.i.embedder.EclipseLogger - Using platform encoding (MS949 actually) to copy filtered resources, i.e. build is platform dependent!
2018-10-06 20:43:57,594 [Worker-43] INFO  o.e.m.c.i.embedder.EclipseLogger - Copying 0 resource
2018-10-06 20:44:11,160 [Worker-46] WARN  o.e.m.c.i.embedder.EclipseLogger - Using platform encoding (MS949 actually) to copy filtered resources, i.e. build is platform dependent!
2018-10-06 20:44:11,163 [Worker-46] INFO  o.e.m.c.i.embedder.EclipseLogger - Copying 0 resource
2018-10-06 20:44:11,166 [Worker-46] WARN  o.e.m.c.i.embedder.EclipseLogger - Using platform encoding (MS949 actually) to copy filtered resources, i.e. build is platform dependent!
2018-10-06 20:44:11,168 [Worker-46] INFO  o.e.m.c.i.embedder.EclipseLogger - Copying 0 resource
2018-10-06 20:44:12,278 [Worker-46] WARN  o.e.m.c.i.embedder.EclipseLogger - Using platform encoding (MS949 actually) to copy filtered resources, i.e. build is platform dependent!
2018-10-06 20:44:12,280 [Worker-46] INFO  o.e.m.c.i.embedder.EclipseLogger - Copying 0 resource
2018-10-06 20:44:12,282 [Worker-46] WARN  o.e.m.c.i.embedder.EclipseLogger - Using platform encoding (MS949 actually) to copy filtered resources, i.e. build is platform dependent!
2018-10-06 20:44:12,284 [Worker-46] INFO  o.e.m.c.i.embedder.EclipseLogger - Copying 0 resource
2018-10-06 20:45:07,665 [Worker-45] WARN  o.e.m.c.i.embedder.EclipseLogger - Using platform encoding (MS949 actually) to copy filtered resources, i.e. build is platform dependent!
2018-10-06 20:45:07,668 [Worker-45] INFO  o.e.m.c.i.embedder.EclipseLogger - Copying 0 resource
2018-10-06 20:45:07,669 [Worker-45] WARN  o.e.m.c.i.embedder.EclipseLogger - Using platform encoding (MS949 actually) to copy filtered resources, i.e. build is platform dependent!
2018-10-06 20:45:07,670 [Worker-45] INFO  o.e.m.c.i.embedder.EclipseLogger - Copying 0 resource
2018-10-06 20:45:18,709 [Worker-49] WARN  o.e.m.c.i.embedder.EclipseLogger - Using platform encoding (MS949 actually) to copy filtered resources, i.e. build is platform dependent!
2018-10-06 20:45:18,711 [Worker-49] INFO  o.e.m.c.i.embedder.EclipseLogger - Copying 0 resource
2018-10-06 20:45:18,711 [Worker-49] WARN  o.e.m.c.i.embedder.EclipseLogger - Using platform encoding (MS949 actually) to copy filtered resources, i.e. build is platform dependent!
2018-10-06 20:45:18,712 [Worker-49] INFO  o.e.m.c.i.embedder.EclipseLogger - Copying 0 resource
2018-10-07 13:49:30,870 [Worker-3] WARN  o.e.m.c.i.embedder.EclipseLogger - Using platform encoding (MS949 actually) to copy filtered resources, i.e. build is platform dependent!
2018-10-07 13:49:30,890 [Worker-3] INFO  o.e.m.c.i.embedder.EclipseLogger - Copying 1 resource
2018-10-07 13:49:30,896 [Worker-3] WARN  o.e.m.c.i.embedder.EclipseLogger - Using platform encoding (MS949 actually) to copy filtered resources, i.e. build is platform dependent!
2018-10-07 13:49:30,899 [Worker-3] INFO  o.e.m.c.i.embedder.EclipseLogger - Copying 1 resource
2018-10-07 16:00:55,486 [Worker-48] WARN  o.e.m.c.i.embedder.EclipseLogger - Using platform encoding (MS949 actually) to copy filtered resources, i.e. build is platform dependent!
2018-10-07 16:00:55,491 [Worker-48] INFO  o.e.m.c.i.embedder.EclipseLogger - Copying 1 resource
2018-10-07 16:00:55,496 [Worker-48] WARN  o.e.m.c.i.embedder.EclipseLogger - Using platform encoding (MS949 actually) to copy filtered resources, i.e. build is platform dependent!
2018-10-07 16:00:55,497 [Worker-48] INFO  o.e.m.c.i.embedder.EclipseLogger - Copying 0 resource
2018-10-07 22:10:56,241 [Worker-0] WARN  o.e.m.c.i.embedder.EclipseLogger - Using platform encoding (MS949 actually) to copy filtered resources, i.e. build is platform dependent!
2018-10-07 22:10:56,261 [Worker-0] INFO  o.e.m.c.i.embedder.EclipseLogger - Copying 2 resources
2018-10-07 22:10:56,266 [Worker-0] WARN  o.e.m.c.i.embedder.EclipseLogger - Using platform encoding (MS949 actually) to copy filtered resources, i.e. build is platform dependent!
2018-10-07 22:10:56,276 [Worker-0] INFO  o.e.m.c.i.embedder.EclipseLogger - Copying 1 resource
2018-10-07 23:54:57,258 [Worker-2] WARN  o.e.m.c.i.embedder.EclipseLogger - Using platform encoding (MS949 actually) to copy filtered resources, i.e. build is platform dependent!
2018-10-07 23:54:57,265 [Worker-2] INFO  o.e.m.c.i.embedder.EclipseLogger - Copying 2 resources
2018-10-07 23:54:57,274 [Worker-2] WARN  o.e.m.c.i.embedder.EclipseLogger - Using platform encoding (MS949 actually) to copy filtered resources, i.e. build is platform dependent!
2018-10-07 23:54:57,275 [Worker-2] INFO  o.e.m.c.i.embedder.EclipseLogger - Copying 1 resource
2018-10-14 16:40:38,996 [Worker-5] WARN  o.e.m.c.i.embedder.EclipseLogger - Using platform encoding (MS949 actually) to copy filtered resources, i.e. build is platform dependent!
2018-10-14 16:40:39,016 [Worker-5] INFO  o.e.m.c.i.embedder.EclipseLogger - Copying 2 resources
2018-10-14 16:40:39,031 [Worker-5] WARN  o.e.m.c.i.embedder.EclipseLogger - Using platform encoding (MS949 actually) to copy filtered resources, i.e. build is platform dependent!
2018-10-14 16:40:39,040 [Worker-5] INFO  o.e.m.c.i.embedder.EclipseLogger - Copying 1 resource
2018-11-01 14:16:39,030 [Worker-10] WARN  o.e.m.c.i.embedder.EclipseLogger - Using platform encoding (MS949 actually) to copy filtered resources, i.e. build is platform dependent!
2018-11-01 14:16:39,045 [Worker-10] INFO  o.e.m.c.i.embedder.EclipseLogger - Copying 2 resources
2018-11-01 14:16:39,059 [Worker-10] WARN  o.e.m.c.i.embedder.EclipseLogger - Using platform encoding (MS949 actually) to copy filtered resources, i.e. build is platform dependent!
2018-11-01 14:16:39,061 [Worker-10] INFO  o.e.m.c.i.embedder.EclipseLogger - Copying 1 resource
2018-11-01 14:28:47,194 [Worker-22] WARN  o.e.m.c.i.embedder.EclipseLogger - Using platform encoding (MS949 actually) to copy filtered resources, i.e. build is platform dependent!
2018-11-01 14:28:47,207 [Worker-22] INFO  o.e.m.c.i.embedder.EclipseLogger - Copying 2 resources
2018-11-01 14:28:47,208 [Worker-22] WARN  o.e.m.c.i.embedder.EclipseLogger - Using platform encoding (MS949 actually) to copy filtered resources, i.e. build is platform dependent!
2018-11-01 14:28:47,209 [Worker-22] INFO  o.e.m.c.i.embedder.EclipseLogger - Copying 0 resource
2018-11-01 14:29:03,048 [Worker-23] WARN  o.e.m.c.i.embedder.EclipseLogger - Using platform encoding (MS949 actually) to copy filtered resources, i.e. build is platform dependent!
2018-11-01 14:29:03,059 [Worker-23] INFO  o.e.m.c.i.embedder.EclipseLogger - Copying 2 resources
2018-11-01 14:29:03,061 [Worker-23] WARN  o.e.m.c.i.embedder.EclipseLogger - Using platform encoding (MS949 actually) to copy filtered resources, i.e. build is platform dependent!
2018-11-01 14:29:03,063 [Worker-23] INFO  o.e.m.c.i.embedder.EclipseLogger - Copying 0 resource
2018-11-01 14:29:08,236 [Worker-1] WARN  o.e.m.c.i.embedder.EclipseLogger - Using platform encoding (MS949 actually) to copy filtered resources, i.e. build is platform dependent!
2018-11-01 14:29:08,238 [Worker-1] INFO  o.e.m.c.i.embedder.EclipseLogger - Copying 2 resources
2018-11-01 14:29:08,239 [Worker-1] WARN  o.e.m.c.i.embedder.EclipseLogger - Using platform encoding (MS949 actually) to copy filtered resources, i.e. build is platform dependent!
2018-11-01 14:29:08,239 [Worker-1] INFO  o.e.m.c.i.embedder.EclipseLogger - Copying 0 resource
2018-11-01 14:47:07,442 [Worker-26] WARN  o.e.m.c.i.embedder.EclipseLogger - Using platform encoding (MS949 actually) to copy filtered resources, i.e. build is platform dependent!
2018-11-01 14:47:07,444 [Worker-26] INFO  o.e.m.c.i.embedder.EclipseLogger - Copying 2 resources
2018-11-01 14:47:07,446 [Worker-26] WARN  o.e.m.c.i.embedder.EclipseLogger - Using platform encoding (MS949 actually) to copy filtered resources, i.e. build is platform dependent!
2018-11-01 14:47:07,448 [Worker-26] INFO  o.e.m.c.i.embedder.EclipseLogger - Copying 0 resource
2018-11-01 14:47:21,579 [Worker-23] WARN  o.e.m.c.i.embedder.EclipseLogger - Using platform encoding (MS949 actually) to copy filtered resources, i.e. build is platform dependent!
2018-11-01 14:47:21,582 [Worker-23] INFO  o.e.m.c.i.embedder.EclipseLogger - Copying 2 resources
2018-11-01 14:47:21,584 [Worker-23] WARN  o.e.m.c.i.embedder.EclipseLogger - Using platform encoding (MS949 actually) to copy filtered resources, i.e. build is platform dependent!
2018-11-01 14:47:21,587 [Worker-23] INFO  o.e.m.c.i.embedder.EclipseLogger - Copying 0 resource
2018-11-01 14:47:43,392 [Worker-23] WARN  o.e.m.c.i.embedder.EclipseLogger - Using platform encoding (MS949 actually) to copy filtered resources, i.e. build is platform dependent!
2018-11-01 14:47:43,395 [Worker-23] INFO  o.e.m.c.i.embedder.EclipseLogger - Copying 2 resources
2018-11-01 14:47:43,397 [Worker-23] WARN  o.e.m.c.i.embedder.EclipseLogger - Using platform encoding (MS949 actually) to copy filtered resources, i.e. build is platform dependent!
2018-11-01 14:47:43,398 [Worker-23] INFO  o.e.m.c.i.embedder.EclipseLogger - Copying 0 resource
2018-11-01 14:47:46,837 [Worker-23] WARN  o.e.m.c.i.embedder.EclipseLogger - Using platform encoding (MS949 actually) to copy filtered resources, i.e. build is platform dependent!
2018-11-01 14:47:46,839 [Worker-23] INFO  o.e.m.c.i.embedder.EclipseLogger - Copying 2 resources
2018-11-01 14:47:46,841 [Worker-23] WARN  o.e.m.c.i.embedder.EclipseLogger - Using platform encoding (MS949 actually) to copy filtered resources, i.e. build is platform dependent!
2018-11-01 14:47:46,843 [Worker-23] INFO  o.e.m.c.i.embedder.EclipseLogger - Copying 0 resource
2018-11-01 14:47:57,325 [Worker-29] WARN  o.e.m.c.i.embedder.EclipseLogger - Using platform encoding (MS949 actually) to copy filtered resources, i.e. build is platform dependent!
2018-11-01 14:47:57,328 [Worker-29] INFO  o.e.m.c.i.embedder.EclipseLogger - Copying 2 resources
2018-11-01 14:47:57,330 [Worker-29] WARN  o.e.m.c.i.embedder.EclipseLogger - Using platform encoding (MS949 actually) to copy filtered resources, i.e. build is platform dependent!
2018-11-01 14:47:57,331 [Worker-29] INFO  o.e.m.c.i.embedder.EclipseLogger - Copying 0 resource
2018-11-01 14:48:02,806 [Worker-23] WARN  o.e.m.c.i.embedder.EclipseLogger - Using platform encoding (MS949 actually) to copy filtered resources, i.e. build is platform dependent!
2018-11-01 14:48:02,808 [Worker-23] INFO  o.e.m.c.i.embedder.EclipseLogger - Copying 2 resources
2018-11-01 14:48:02,809 [Worker-23] WARN  o.e.m.c.i.embedder.EclipseLogger - Using platform encoding (MS949 actually) to copy filtered resources, i.e. build is platform dependent!
2018-11-01 14:48:02,811 [Worker-23] INFO  o.e.m.c.i.embedder.EclipseLogger - Copying 0 resource
2018-11-01 14:48:17,416 [Worker-23] WARN  o.e.m.c.i.embedder.EclipseLogger - Using platform encoding (MS949 actually) to copy filtered resources, i.e. build is platform dependent!
2018-11-01 14:48:17,418 [Worker-23] INFO  o.e.m.c.i.embedder.EclipseLogger - Copying 2 resources
2018-11-01 14:48:17,419 [Worker-23] WARN  o.e.m.c.i.embedder.EclipseLogger - Using platform encoding (MS949 actually) to copy filtered resources, i.e. build is platform dependent!
2018-11-01 14:48:17,423 [Worker-23] INFO  o.e.m.c.i.embedder.EclipseLogger - Copying 0 resource
2018-11-01 14:48:23,211 [Worker-28] WARN  o.e.m.c.i.embedder.EclipseLogger - Using platform encoding (MS949 actually) to copy filtered resources, i.e. build is platform dependent!
2018-11-01 14:48:23,213 [Worker-28] INFO  o.e.m.c.i.embedder.EclipseLogger - Copying 2 resources
2018-11-01 14:48:23,216 [Worker-28] WARN  o.e.m.c.i.embedder.EclipseLogger - Using platform encoding (MS949 actually) to copy filtered resources, i.e. build is platform dependent!
2018-11-01 14:48:23,218 [Worker-28] INFO  o.e.m.c.i.embedder.EclipseLogger - Copying 0 resource
2018-11-01 14:48:32,670 [Worker-28] WARN  o.e.m.c.i.embedder.EclipseLogger - Using platform encoding (MS949 actually) to copy filtered resources, i.e. build is platform dependent!
2018-11-01 14:48:32,673 [Worker-28] INFO  o.e.m.c.i.embedder.EclipseLogger - Copying 2 resources
2018-11-01 14:48:32,675 [Worker-28] WARN  o.e.m.c.i.embedder.EclipseLogger - Using platform encoding (MS949 actually) to copy filtered resources, i.e. build is platform dependent!
2018-11-01 14:48:32,677 [Worker-28] INFO  o.e.m.c.i.embedder.EclipseLogger - Copying 0 resource
2018-11-01 14:49:16,688 [Worker-23] WARN  o.e.m.c.i.embedder.EclipseLogger - Using platform encoding (MS949 actually) to copy filtered resources, i.e. build is platform dependent!
2018-11-01 14:49:16,690 [Worker-23] INFO  o.e.m.c.i.embedder.EclipseLogger - Copying 2 resources
2018-11-01 14:49:16,692 [Worker-23] WARN  o.e.m.c.i.embedder.EclipseLogger - Using platform encoding (MS949 actually) to copy filtered resources, i.e. build is platform dependent!
2018-11-01 14:49:16,693 [Worker-23] INFO  o.e.m.c.i.embedder.EclipseLogger - Copying 0 resource
2018-11-01 14:49:21,682 [Worker-31] WARN  o.e.m.c.i.embedder.EclipseLogger - Using platform encoding (MS949 actually) to copy filtered resources, i.e. build is platform dependent!
2018-11-01 14:49:21,684 [Worker-31] INFO  o.e.m.c.i.embedder.EclipseLogger - Copying 2 resources
2018-11-01 14:49:21,686 [Worker-31] WARN  o.e.m.c.i.embedder.EclipseLogger - Using platform encoding (MS949 actually) to copy filtered resources, i.e. build is platform dependent!
2018-11-01 14:49:21,688 [Worker-31] INFO  o.e.m.c.i.embedder.EclipseLogger - Copying 0 resource
2018-11-01 14:51:28,639 [Worker-23] WARN  o.e.m.c.i.embedder.EclipseLogger - Using platform encoding (MS949 actually) to copy filtered resources, i.e. build is platform dependent!
2018-11-01 14:51:28,641 [Worker-23] INFO  o.e.m.c.i.embedder.EclipseLogger - Copying 2 resources
2018-11-01 14:51:28,644 [Worker-23] WARN  o.e.m.c.i.embedder.EclipseLogger - Using platform encoding (MS949 actually) to copy filtered resources, i.e. build is platform dependent!
2018-11-01 14:51:28,646 [Worker-23] INFO  o.e.m.c.i.embedder.EclipseLogger - Copying 0 resource
2018-11-01 14:51:41,527 [Worker-34] WARN  o.e.m.c.i.embedder.EclipseLogger - Using platform encoding (MS949 actually) to copy filtered resources, i.e. build is platform dependent!
2018-11-01 14:51:41,528 [Worker-34] INFO  o.e.m.c.i.embedder.EclipseLogger - Copying 2 resources
2018-11-01 14:51:41,529 [Worker-34] WARN  o.e.m.c.i.embedder.EclipseLogger - Using platform encoding (MS949 actually) to copy filtered resources, i.e. build is platform dependent!
2018-11-01 14:51:41,531 [Worker-34] INFO  o.e.m.c.i.embedder.EclipseLogger - Copying 0 resource
2018-11-01 14:52:42,558 [Worker-33] WARN  o.e.m.c.i.embedder.EclipseLogger - Using platform encoding (MS949 actually) to copy filtered resources, i.e. build is platform dependent!
2018-11-01 14:52:42,560 [Worker-33] INFO  o.e.m.c.i.embedder.EclipseLogger - Copying 2 resources
2018-11-01 14:52:42,562 [Worker-33] WARN  o.e.m.c.i.embedder.EclipseLogger - Using platform encoding (MS949 actually) to copy filtered resources, i.e. build is platform dependent!
2018-11-01 14:52:42,563 [Worker-33] INFO  o.e.m.c.i.embedder.EclipseLogger - Copying 0 resource
2018-11-01 14:53:30,710 [Worker-31] WARN  o.e.m.c.i.embedder.EclipseLogger - Using platform encoding (MS949 actually) to copy filtered resources, i.e. build is platform dependent!
2018-11-01 14:53:30,712 [Worker-31] INFO  o.e.m.c.i.embedder.EclipseLogger - Copying 2 resources
2018-11-01 14:53:30,714 [Worker-31] WARN  o.e.m.c.i.embedder.EclipseLogger - Using platform encoding (MS949 actually) to copy filtered resources, i.e. build is platform dependent!
2018-11-01 14:53:30,716 [Worker-31] INFO  o.e.m.c.i.embedder.EclipseLogger - Copying 0 resource
2018-11-01 14:53:37,822 [Worker-33] WARN  o.e.m.c.i.embedder.EclipseLogger - Using platform encoding (MS949 actually) to copy filtered resources, i.e. build is platform dependent!
2018-11-01 14:53:37,823 [Worker-33] INFO  o.e.m.c.i.embedder.EclipseLogger - Copying 2 resources
2018-11-01 14:53:37,825 [Worker-33] WARN  o.e.m.c.i.embedder.EclipseLogger - Using platform encoding (MS949 actually) to copy filtered resources, i.e. build is platform dependent!
2018-11-01 14:53:37,826 [Worker-33] INFO  o.e.m.c.i.embedder.EclipseLogger - Copying 0 resource
2018-11-01 14:54:20,005 [Worker-23] WARN  o.e.m.c.i.embedder.EclipseLogger - Using platform encoding (MS949 actually) to copy filtered resources, i.e. build is platform dependent!
2018-11-01 14:54:20,007 [Worker-23] INFO  o.e.m.c.i.embedder.EclipseLogger - Copying 2 resources
2018-11-01 14:54:20,009 [Worker-23] WARN  o.e.m.c.i.embedder.EclipseLogger - Using platform encoding (MS949 actually) to copy filtered resources, i.e. build is platform dependent!
2018-11-01 14:54:20,010 [Worker-23] INFO  o.e.m.c.i.embedder.EclipseLogger - Copying 0 resource
2018-11-01 14:54:48,169 [Worker-26] WARN  o.e.m.c.i.embedder.EclipseLogger - Using platform encoding (MS949 actually) to copy filtered resources, i.e. build is platform dependent!
2018-11-01 14:54:48,171 [Worker-26] INFO  o.e.m.c.i.embedder.EclipseLogger - Copying 2 resources
2018-11-01 14:54:48,173 [Worker-26] WARN  o.e.m.c.i.embedder.EclipseLogger - Using platform encoding (MS949 actually) to copy filtered resources, i.e. build is platform dependent!
2018-11-01 14:54:48,174 [Worker-26] INFO  o.e.m.c.i.embedder.EclipseLogger - Copying 0 resource
2018-11-01 14:55:13,932 [Worker-32] WARN  o.e.m.c.i.embedder.EclipseLogger - Using platform encoding (MS949 actually) to copy filtered resources, i.e. build is platform dependent!
2018-11-01 14:55:13,933 [Worker-32] INFO  o.e.m.c.i.embedder.EclipseLogger - Copying 2 resources
2018-11-01 14:55:13,934 [Worker-32] WARN  o.e.m.c.i.embedder.EclipseLogger - Using platform encoding (MS949 actually) to copy filtered resources, i.e. build is platform dependent!
2018-11-01 14:55:13,936 [Worker-32] INFO  o.e.m.c.i.embedder.EclipseLogger - Copying 0 resource
2018-11-01 14:55:23,845 [Worker-31] WARN  o.e.m.c.i.embedder.EclipseLogger - Using platform encoding (MS949 actually) to copy filtered resources, i.e. build is platform dependent!
2018-11-01 14:55:23,846 [Worker-31] INFO  o.e.m.c.i.embedder.EclipseLogger - Copying 2 resources
2018-11-01 14:55:23,848 [Worker-31] WARN  o.e.m.c.i.embedder.EclipseLogger - Using platform encoding (MS949 actually) to copy filtered resources, i.e. build is platform dependent!
2018-11-01 14:55:23,849 [Worker-31] INFO  o.e.m.c.i.embedder.EclipseLogger - Copying 0 resource
2018-11-01 14:55:47,636 [Worker-35] WARN  o.e.m.c.i.embedder.EclipseLogger - Using platform encoding (MS949 actually) to copy filtered resources, i.e. build is platform dependent!
2018-11-01 14:55:47,637 [Worker-35] INFO  o.e.m.c.i.embedder.EclipseLogger - Copying 2 resources
2018-11-01 14:55:47,638 [Worker-35] WARN  o.e.m.c.i.embedder.EclipseLogger - Using platform encoding (MS949 actually) to copy filtered resources, i.e. build is platform dependent!
2018-11-01 14:55:47,639 [Worker-35] INFO  o.e.m.c.i.embedder.EclipseLogger - Copying 0 resource
2018-11-01 14:55:54,983 [Worker-35] WARN  o.e.m.c.i.embedder.EclipseLogger - Using platform encoding (MS949 actually) to copy filtered resources, i.e. build is platform dependent!
2018-11-01 14:55:54,986 [Worker-35] INFO  o.e.m.c.i.embedder.EclipseLogger - Copying 2 resources
2018-11-01 14:55:54,987 [Worker-35] WARN  o.e.m.c.i.embedder.EclipseLogger - Using platform encoding (MS949 actually) to copy filtered resources, i.e. build is platform dependent!
2018-11-01 14:55:54,989 [Worker-35] INFO  o.e.m.c.i.embedder.EclipseLogger - Copying 0 resource
2018-11-01 14:55:59,363 [Worker-34] WARN  o.e.m.c.i.embedder.EclipseLogger - Using platform encoding (MS949 actually) to copy filtered resources, i.e. build is platform dependent!
2018-11-01 14:55:59,365 [Worker-34] INFO  o.e.m.c.i.embedder.EclipseLogger - Copying 2 resources
2018-11-01 14:55:59,367 [Worker-34] WARN  o.e.m.c.i.embedder.EclipseLogger - Using platform encoding (MS949 actually) to copy filtered resources, i.e. build is platform dependent!
2018-11-01 14:55:59,368 [Worker-34] INFO  o.e.m.c.i.embedder.EclipseLogger - Copying 0 resource
2018-11-01 14:58:33,762 [Worker-35] WARN  o.e.m.c.i.embedder.EclipseLogger - Using platform encoding (MS949 actually) to copy filtered resources, i.e. build is platform dependent!
2018-11-01 14:58:33,763 [Worker-35] INFO  o.e.m.c.i.embedder.EclipseLogger - Copying 2 resources
2018-11-01 14:58:33,765 [Worker-35] WARN  o.e.m.c.i.embedder.EclipseLogger - Using platform encoding (MS949 actually) to copy filtered resources, i.e. build is platform dependent!
2018-11-01 14:58:33,767 [Worker-35] INFO  o.e.m.c.i.embedder.EclipseLogger - Copying 0 resource
2018-11-01 14:58:38,429 [Worker-33] WARN  o.e.m.c.i.embedder.EclipseLogger - Using platform encoding (MS949 actually) to copy filtered resources, i.e. build is platform dependent!
2018-11-01 14:58:38,431 [Worker-33] INFO  o.e.m.c.i.embedder.EclipseLogger - Copying 2 resources
2018-11-01 14:58:38,432 [Worker-33] WARN  o.e.m.c.i.embedder.EclipseLogger - Using platform encoding (MS949 actually) to copy filtered resources, i.e. build is platform dependent!
2018-11-01 14:58:38,434 [Worker-33] INFO  o.e.m.c.i.embedder.EclipseLogger - Copying 0 resource
2018-11-01 15:04:35,744 [Worker-26] WARN  o.e.m.c.i.embedder.EclipseLogger - Using platform encoding (MS949 actually) to copy filtered resources, i.e. build is platform dependent!
2018-11-01 15:04:35,752 [Worker-26] INFO  o.e.m.c.i.embedder.EclipseLogger - Copying 2 resources
2018-11-01 15:04:35,753 [Worker-26] WARN  o.e.m.c.i.embedder.EclipseLogger - Using platform encoding (MS949 actually) to copy filtered resources, i.e. build is platform dependent!
2018-11-01 15:04:35,755 [Worker-26] INFO  o.e.m.c.i.embedder.EclipseLogger - Copying 0 resource
2018-11-01 15:06:16,861 [Worker-41] WARN  o.e.m.c.i.embedder.EclipseLogger - Using platform encoding (MS949 actually) to copy filtered resources, i.e. build is platform dependent!
2018-11-01 15:06:16,863 [Worker-41] INFO  o.e.m.c.i.embedder.EclipseLogger - Copying 2 resources
2018-11-01 15:06:16,865 [Worker-41] WARN  o.e.m.c.i.embedder.EclipseLogger - Using platform encoding (MS949 actually) to copy filtered resources, i.e. build is platform dependent!
2018-11-01 15:06:16,866 [Worker-41] INFO  o.e.m.c.i.embedder.EclipseLogger - Copying 0 resource
2018-11-01 15:06:28,090 [Worker-41] WARN  o.e.m.c.i.embedder.EclipseLogger - Using platform encoding (MS949 actually) to copy filtered resources, i.e. build is platform dependent!
2018-11-01 15:06:28,092 [Worker-41] INFO  o.e.m.c.i.embedder.EclipseLogger - Copying 2 resources
2018-11-01 15:06:28,093 [Worker-41] WARN  o.e.m.c.i.embedder.EclipseLogger - Using platform encoding (MS949 actually) to copy filtered resources, i.e. build is platform dependent!
2018-11-01 15:06:28,094 [Worker-41] INFO  o.e.m.c.i.embedder.EclipseLogger - Copying 0 resource
2018-11-01 15:06:34,963 [Worker-40] WARN  o.e.m.c.i.embedder.EclipseLogger - Using platform encoding (MS949 actually) to copy filtered resources, i.e. build is platform dependent!
2018-11-01 15:06:34,967 [Worker-40] INFO  o.e.m.c.i.embedder.EclipseLogger - Copying 2 resources
2018-11-01 15:06:34,968 [Worker-40] WARN  o.e.m.c.i.embedder.EclipseLogger - Using platform encoding (MS949 actually) to copy filtered resources, i.e. build is platform dependent!
2018-11-01 15:06:34,970 [Worker-40] INFO  o.e.m.c.i.embedder.EclipseLogger - Copying 0 resource
2018-11-01 15:07:56,725 [Worker-41] WARN  o.e.m.c.i.embedder.EclipseLogger - Using platform encoding (MS949 actually) to copy filtered resources, i.e. build is platform dependent!
2018-11-01 15:07:56,726 [Worker-41] INFO  o.e.m.c.i.embedder.EclipseLogger - Copying 2 resources
2018-11-01 15:07:56,727 [Worker-41] WARN  o.e.m.c.i.embedder.EclipseLogger - Using platform encoding (MS949 actually) to copy filtered resources, i.e. build is platform dependent!
2018-11-01 15:07:56,728 [Worker-41] INFO  o.e.m.c.i.embedder.EclipseLogger - Copying 0 resource
2018-11-01 15:08:13,619 [Worker-38] WARN  o.e.m.c.i.embedder.EclipseLogger - Using platform encoding (MS949 actually) to copy filtered resources, i.e. build is platform dependent!
2018-11-01 15:08:13,621 [Worker-38] INFO  o.e.m.c.i.embedder.EclipseLogger - Copying 2 resources
2018-11-01 15:08:13,622 [Worker-38] WARN  o.e.m.c.i.embedder.EclipseLogger - Using platform encoding (MS949 actually) to copy filtered resources, i.e. build is platform dependent!
2018-11-01 15:08:13,623 [Worker-38] INFO  o.e.m.c.i.embedder.EclipseLogger - Copying 0 resource
2018-11-01 15:08:15,721 [Worker-43] WARN  o.e.m.c.i.embedder.EclipseLogger - Using platform encoding (MS949 actually) to copy filtered resources, i.e. build is platform dependent!
2018-11-01 15:08:15,723 [Worker-43] INFO  o.e.m.c.i.embedder.EclipseLogger - Copying 2 resources
2018-11-01 15:08:15,725 [Worker-43] WARN  o.e.m.c.i.embedder.EclipseLogger - Using platform encoding (MS949 actually) to copy filtered resources, i.e. build is platform dependent!
2018-11-01 15:08:15,726 [Worker-43] INFO  o.e.m.c.i.embedder.EclipseLogger - Copying 0 resource
2018-11-01 15:09:19,479 [Worker-43] WARN  o.e.m.c.i.embedder.EclipseLogger - Using platform encoding (MS949 actually) to copy filtered resources, i.e. build is platform dependent!
2018-11-01 15:09:19,481 [Worker-43] INFO  o.e.m.c.i.embedder.EclipseLogger - Copying 2 resources
2018-11-01 15:09:19,483 [Worker-43] WARN  o.e.m.c.i.embedder.EclipseLogger - Using platform encoding (MS949 actually) to copy filtered resources, i.e. build is platform dependent!
2018-11-01 15:09:19,485 [Worker-43] INFO  o.e.m.c.i.embedder.EclipseLogger - Copying 0 resource
2018-11-01 15:18:04,791 [Worker-43] WARN  o.e.m.c.i.embedder.EclipseLogger - Using platform encoding (MS949 actually) to copy filtered resources, i.e. build is platform dependent!
2018-11-01 15:18:04,794 [Worker-43] INFO  o.e.m.c.i.embedder.EclipseLogger - Copying 2 resources
2018-11-01 15:18:04,794 [Worker-43] WARN  o.e.m.c.i.embedder.EclipseLogger - Using platform encoding (MS949 actually) to copy filtered resources, i.e. build is platform dependent!
2018-11-01 15:18:04,796 [Worker-43] INFO  o.e.m.c.i.embedder.EclipseLogger - Copying 0 resource
2018-11-01 15:19:04,141 [Worker-43] WARN  o.e.m.c.i.embedder.EclipseLogger - Using platform encoding (MS949 actually) to copy filtered resources, i.e. build is platform dependent!
2018-11-01 15:19:04,146 [Worker-43] INFO  o.e.m.c.i.embedder.EclipseLogger - Copying 1 resource
2018-11-01 15:19:04,152 [Worker-43] WARN  o.e.m.c.i.embedder.EclipseLogger - Using platform encoding (MS949 actually) to copy filtered resources, i.e. build is platform dependent!
2018-11-01 15:19:04,153 [Worker-43] INFO  o.e.m.c.i.embedder.EclipseLogger - Copying 0 resource
2018-11-01 15:19:34,710 [Worker-47] WARN  o.e.m.c.i.embedder.EclipseLogger - Using platform encoding (MS949 actually) to copy filtered resources, i.e. build is platform dependent!
2018-11-01 15:19:34,712 [Worker-47] INFO  o.e.m.c.i.embedder.EclipseLogger - Copying 1 resource
2018-11-01 15:19:34,716 [Worker-47] WARN  o.e.m.c.i.embedder.EclipseLogger - Using platform encoding (MS949 actually) to copy filtered resources, i.e. build is platform dependent!
2018-11-01 15:19:34,717 [Worker-47] INFO  o.e.m.c.i.embedder.EclipseLogger - Copying 0 resource
2018-11-01 15:26:04,221 [Worker-49] WARN  o.e.m.c.i.embedder.EclipseLogger - Using platform encoding (MS949 actually) to copy filtered resources, i.e. build is platform dependent!
2018-11-01 15:26:04,222 [Worker-49] INFO  o.e.m.c.i.embedder.EclipseLogger - Copying 2 resources
2018-11-01 15:26:04,224 [Worker-49] WARN  o.e.m.c.i.embedder.EclipseLogger - Using platform encoding (MS949 actually) to copy filtered resources, i.e. build is platform dependent!
2018-11-01 15:26:04,225 [Worker-49] INFO  o.e.m.c.i.embedder.EclipseLogger - Copying 0 resource
2018-11-01 15:26:13,765 [Worker-47] WARN  o.e.m.c.i.embedder.EclipseLogger - Using platform encoding (MS949 actually) to copy filtered resources, i.e. build is platform dependent!
2018-11-01 15:26:13,768 [Worker-47] INFO  o.e.m.c.i.embedder.EclipseLogger - Copying 2 resources
2018-11-01 15:26:13,769 [Worker-47] WARN  o.e.m.c.i.embedder.EclipseLogger - Using platform encoding (MS949 actually) to copy filtered resources, i.e. build is platform dependent!
2018-11-01 15:26:13,771 [Worker-47] INFO  o.e.m.c.i.embedder.EclipseLogger - Copying 0 resource
2018-11-01 15:26:41,366 [Worker-45] WARN  o.e.m.c.i.embedder.EclipseLogger - Using platform encoding (MS949 actually) to copy filtered resources, i.e. build is platform dependent!
2018-11-01 15:26:41,367 [Worker-45] INFO  o.e.m.c.i.embedder.EclipseLogger - Copying 2 resources
2018-11-01 15:26:41,369 [Worker-45] WARN  o.e.m.c.i.embedder.EclipseLogger - Using platform encoding (MS949 actually) to copy filtered resources, i.e. build is platform dependent!
2018-11-01 15:26:41,369 [Worker-45] INFO  o.e.m.c.i.embedder.EclipseLogger - Copying 0 resource
2018-11-01 15:26:56,968 [Worker-52] WARN  o.e.m.c.i.embedder.EclipseLogger - Using platform encoding (MS949 actually) to copy filtered resources, i.e. build is platform dependent!
2018-11-01 15:26:56,971 [Worker-52] INFO  o.e.m.c.i.embedder.EclipseLogger - Copying 2 resources
2018-11-01 15:26:56,972 [Worker-52] WARN  o.e.m.c.i.embedder.EclipseLogger - Using platform encoding (MS949 actually) to copy filtered resources, i.e. build is platform dependent!
2018-11-01 15:26:56,973 [Worker-52] INFO  o.e.m.c.i.embedder.EclipseLogger - Copying 0 resource
2018-11-01 15:27:11,738 [Worker-45] WARN  o.e.m.c.i.embedder.EclipseLogger - Using platform encoding (MS949 actually) to copy filtered resources, i.e. build is platform dependent!
2018-11-01 15:27:11,739 [Worker-45] INFO  o.e.m.c.i.embedder.EclipseLogger - Copying 2 resources
2018-11-01 15:27:11,740 [Worker-45] WARN  o.e.m.c.i.embedder.EclipseLogger - Using platform encoding (MS949 actually) to copy filtered resources, i.e. build is platform dependent!
2018-11-01 15:27:11,742 [Worker-45] INFO  o.e.m.c.i.embedder.EclipseLogger - Copying 0 resource
2018-11-01 15:27:25,641 [Worker-52] WARN  o.e.m.c.i.embedder.EclipseLogger - Using platform encoding (MS949 actually) to copy filtered resources, i.e. build is platform dependent!
2018-11-01 15:27:25,642 [Worker-52] INFO  o.e.m.c.i.embedder.EclipseLogger - Copying 2 resources
2018-11-01 15:27:25,643 [Worker-52] WARN  o.e.m.c.i.embedder.EclipseLogger - Using platform encoding (MS949 actually) to copy filtered resources, i.e. build is platform dependent!
2018-11-01 15:27:25,645 [Worker-52] INFO  o.e.m.c.i.embedder.EclipseLogger - Copying 0 resource
2018-11-01 15:27:32,683 [Worker-47] WARN  o.e.m.c.i.embedder.EclipseLogger - Using platform encoding (MS949 actually) to copy filtered resources, i.e. build is platform dependent!
2018-11-01 15:27:32,685 [Worker-47] INFO  o.e.m.c.i.embedder.EclipseLogger - Copying 2 resources
2018-11-01 15:27:32,686 [Worker-47] WARN  o.e.m.c.i.embedder.EclipseLogger - Using platform encoding (MS949 actually) to copy filtered resources, i.e. build is platform dependent!
2018-11-01 15:27:32,688 [Worker-47] INFO  o.e.m.c.i.embedder.EclipseLogger - Copying 0 resource
2018-11-01 15:29:14,186 [Worker-48] WARN  o.e.m.c.i.embedder.EclipseLogger - Using platform encoding (MS949 actually) to copy filtered resources, i.e. build is platform dependent!
2018-11-01 15:29:14,188 [Worker-48] INFO  o.e.m.c.i.embedder.EclipseLogger - Copying 2 resources
2018-11-01 15:29:14,189 [Worker-48] WARN  o.e.m.c.i.embedder.EclipseLogger - Using platform encoding (MS949 actually) to copy filtered resources, i.e. build is platform dependent!
2018-11-01 15:29:14,191 [Worker-48] INFO  o.e.m.c.i.embedder.EclipseLogger - Copying 0 resource
2018-11-01 15:30:59,023 [Worker-53] WARN  o.e.m.c.i.embedder.EclipseLogger - Using platform encoding (MS949 actually) to copy filtered resources, i.e. build is platform dependent!
2018-11-01 15:30:59,026 [Worker-53] INFO  o.e.m.c.i.embedder.EclipseLogger - Copying 1 resource
2018-11-01 15:30:59,040 [Worker-53] WARN  o.e.m.c.i.embedder.EclipseLogger - Using platform encoding (MS949 actually) to copy filtered resources, i.e. build is platform dependent!
2018-11-01 15:30:59,046 [Worker-53] INFO  o.e.m.c.i.embedder.EclipseLogger - Copying 0 resource
2018-11-01 15:31:37,108 [Worker-51] WARN  o.e.m.c.i.embedder.EclipseLogger - Using platform encoding (MS949 actually) to copy filtered resources, i.e. build is platform dependent!
2018-11-01 15:31:37,110 [Worker-51] INFO  o.e.m.c.i.embedder.EclipseLogger - Copying 2 resources
2018-11-01 15:31:37,111 [Worker-51] WARN  o.e.m.c.i.embedder.EclipseLogger - Using platform encoding (MS949 actually) to copy filtered resources, i.e. build is platform dependent!
2018-11-01 15:31:37,113 [Worker-51] INFO  o.e.m.c.i.embedder.EclipseLogger - Copying 0 resource
2018-11-01 15:34:35,680 [Worker-45] WARN  o.e.m.c.i.embedder.EclipseLogger - Using platform encoding (MS949 actually) to copy filtered resources, i.e. build is platform dependent!
2018-11-01 15:34:35,681 [Worker-45] INFO  o.e.m.c.i.embedder.EclipseLogger - Copying 1 resource
2018-11-01 15:34:35,687 [Worker-45] WARN  o.e.m.c.i.embedder.EclipseLogger - Using platform encoding (MS949 actually) to copy filtered resources, i.e. build is platform dependent!
2018-11-01 15:34:35,689 [Worker-45] INFO  o.e.m.c.i.embedder.EclipseLogger - Copying 0 resource
2018-11-01 15:37:25,544 [Worker-56] WARN  o.e.m.c.i.embedder.EclipseLogger - Using platform encoding (MS949 actually) to copy filtered resources, i.e. build is platform dependent!
2018-11-01 15:37:25,545 [Worker-56] INFO  o.e.m.c.i.embedder.EclipseLogger - Copying 1 resource
2018-11-01 15:37:25,551 [Worker-56] WARN  o.e.m.c.i.embedder.EclipseLogger - Using platform encoding (MS949 actually) to copy filtered resources, i.e. build is platform dependent!
2018-11-01 15:37:25,554 [Worker-56] INFO  o.e.m.c.i.embedder.EclipseLogger - Copying 0 resource
2018-11-01 15:37:38,888 [Worker-48] WARN  o.e.m.c.i.embedder.EclipseLogger - Using platform encoding (MS949 actually) to copy filtered resources, i.e. build is platform dependent!
2018-11-01 15:37:38,894 [Worker-48] INFO  o.e.m.c.i.embedder.EclipseLogger - Copying 1 resource
2018-11-01 15:37:38,899 [Worker-48] WARN  o.e.m.c.i.embedder.EclipseLogger - Using platform encoding (MS949 actually) to copy filtered resources, i.e. build is platform dependent!
2018-11-01 15:37:38,901 [Worker-48] INFO  o.e.m.c.i.embedder.EclipseLogger - Copying 0 resource
2018-11-01 15:37:46,624 [Worker-57] WARN  o.e.m.c.i.embedder.EclipseLogger - Using platform encoding (MS949 actually) to copy filtered resources, i.e. build is platform dependent!
2018-11-01 15:37:46,626 [Worker-57] INFO  o.e.m.c.i.embedder.EclipseLogger - Copying 1 resource
2018-11-01 15:37:46,629 [Worker-57] WARN  o.e.m.c.i.embedder.EclipseLogger - Using platform encoding (MS949 actually) to copy filtered resources, i.e. build is platform dependent!
2018-11-01 15:37:46,630 [Worker-57] INFO  o.e.m.c.i.embedder.EclipseLogger - Copying 0 resource
2018-11-01 15:37:52,939 [Worker-57] WARN  o.e.m.c.i.embedder.EclipseLogger - Using platform encoding (MS949 actually) to copy filtered resources, i.e. build is platform dependent!
2018-11-01 15:37:52,940 [Worker-57] INFO  o.e.m.c.i.embedder.EclipseLogger - Copying 1 resource
2018-11-01 15:37:52,943 [Worker-57] WARN  o.e.m.c.i.embedder.EclipseLogger - Using platform encoding (MS949 actually) to copy filtered resources, i.e. build is platform dependent!
2018-11-01 15:37:52,945 [Worker-57] INFO  o.e.m.c.i.embedder.EclipseLogger - Copying 0 resource
2018-11-01 15:37:55,071 [Worker-58] WARN  o.e.m.c.i.embedder.EclipseLogger - Using platform encoding (MS949 actually) to copy filtered resources, i.e. build is platform dependent!
2018-11-01 15:37:55,072 [Worker-58] INFO  o.e.m.c.i.embedder.EclipseLogger - Copying 1 resource
2018-11-01 15:37:55,077 [Worker-58] WARN  o.e.m.c.i.embedder.EclipseLogger - Using platform encoding (MS949 actually) to copy filtered resources, i.e. build is platform dependent!
2018-11-01 15:37:55,079 [Worker-58] INFO  o.e.m.c.i.embedder.EclipseLogger - Copying 0 resource
2018-11-01 15:38:11,369 [Worker-45] WARN  o.e.m.c.i.embedder.EclipseLogger - Using platform encoding (MS949 actually) to copy filtered resources, i.e. build is platform dependent!
2018-11-01 15:38:11,371 [Worker-45] INFO  o.e.m.c.i.embedder.EclipseLogger - Copying 1 resource
2018-11-01 15:38:11,374 [Worker-45] WARN  o.e.m.c.i.embedder.EclipseLogger - Using platform encoding (MS949 actually) to copy filtered resources, i.e. build is platform dependent!
2018-11-01 15:38:11,375 [Worker-45] INFO  o.e.m.c.i.embedder.EclipseLogger - Copying 0 resource
2018-11-01 15:38:15,161 [Worker-45] WARN  o.e.m.c.i.embedder.EclipseLogger - Using platform encoding (MS949 actually) to copy filtered resources, i.e. build is platform dependent!
2018-11-01 15:38:15,162 [Worker-45] INFO  o.e.m.c.i.embedder.EclipseLogger - Copying 1 resource
2018-11-01 15:38:15,166 [Worker-45] WARN  o.e.m.c.i.embedder.EclipseLogger - Using platform encoding (MS949 actually) to copy filtered resources, i.e. build is platform dependent!
2018-11-01 15:38:15,168 [Worker-45] INFO  o.e.m.c.i.embedder.EclipseLogger - Copying 0 resource
2018-11-01 15:38:17,755 [Worker-55] WARN  o.e.m.c.i.embedder.EclipseLogger - Using platform encoding (MS949 actually) to copy filtered resources, i.e. build is platform dependent!
2018-11-01 15:38:17,758 [Worker-55] INFO  o.e.m.c.i.embedder.EclipseLogger - Copying 1 resource
2018-11-01 15:38:17,765 [Worker-55] WARN  o.e.m.c.i.embedder.EclipseLogger - Using platform encoding (MS949 actually) to copy filtered resources, i.e. build is platform dependent!
2018-11-01 15:38:17,770 [Worker-55] INFO  o.e.m.c.i.embedder.EclipseLogger - Copying 0 resource
2018-11-01 15:38:36,351 [Worker-56] WARN  o.e.m.c.i.embedder.EclipseLogger - Using platform encoding (MS949 actually) to copy filtered resources, i.e. build is platform dependent!
2018-11-01 15:38:36,353 [Worker-56] INFO  o.e.m.c.i.embedder.EclipseLogger - Copying 1 resource
2018-11-01 15:38:36,356 [Worker-56] WARN  o.e.m.c.i.embedder.EclipseLogger - Using platform encoding (MS949 actually) to copy filtered resources, i.e. build is platform dependent!
2018-11-01 15:38:36,357 [Worker-56] INFO  o.e.m.c.i.embedder.EclipseLogger - Copying 0 resource
2018-11-01 15:38:51,057 [Worker-59] WARN  o.e.m.c.i.embedder.EclipseLogger - Using platform encoding (MS949 actually) to copy filtered resources, i.e. build is platform dependent!
2018-11-01 15:38:51,058 [Worker-59] INFO  o.e.m.c.i.embedder.EclipseLogger - Copying 1 resource
2018-11-01 15:38:51,061 [Worker-59] WARN  o.e.m.c.i.embedder.EclipseLogger - Using platform encoding (MS949 actually) to copy filtered resources, i.e. build is platform dependent!
2018-11-01 15:38:51,063 [Worker-59] INFO  o.e.m.c.i.embedder.EclipseLogger - Copying 0 resource
2018-11-01 15:39:08,739 [Worker-59] WARN  o.e.m.c.i.embedder.EclipseLogger - Using platform encoding (MS949 actually) to copy filtered resources, i.e. build is platform dependent!
2018-11-01 15:39:08,741 [Worker-59] INFO  o.e.m.c.i.embedder.EclipseLogger - Copying 2 resources
2018-11-01 15:39:08,742 [Worker-59] WARN  o.e.m.c.i.embedder.EclipseLogger - Using platform encoding (MS949 actually) to copy filtered resources, i.e. build is platform dependent!
2018-11-01 15:39:08,744 [Worker-59] INFO  o.e.m.c.i.embedder.EclipseLogger - Copying 0 resource
2018-11-01 15:39:54,547 [Worker-59] WARN  o.e.m.c.i.embedder.EclipseLogger - Using platform encoding (MS949 actually) to copy filtered resources, i.e. build is platform dependent!
2018-11-01 15:39:54,549 [Worker-59] INFO  o.e.m.c.i.embedder.EclipseLogger - Copying 1 resource
2018-11-01 15:39:54,554 [Worker-59] WARN  o.e.m.c.i.embedder.EclipseLogger - Using platform encoding (MS949 actually) to copy filtered resources, i.e. build is platform dependent!
2018-11-01 15:39:54,557 [Worker-59] INFO  o.e.m.c.i.embedder.EclipseLogger - Copying 0 resource
2018-11-01 15:40:18,355 [Worker-56] WARN  o.e.m.c.i.embedder.EclipseLogger - Using platform encoding (MS949 actually) to copy filtered resources, i.e. build is platform dependent!
2018-11-01 15:40:18,357 [Worker-56] INFO  o.e.m.c.i.embedder.EclipseLogger - Copying 2 resources
2018-11-01 15:40:18,358 [Worker-56] WARN  o.e.m.c.i.embedder.EclipseLogger - Using platform encoding (MS949 actually) to copy filtered resources, i.e. build is platform dependent!
2018-11-01 15:40:18,360 [Worker-56] INFO  o.e.m.c.i.embedder.EclipseLogger - Copying 0 resource
2018-11-01 15:40:24,622 [Worker-58] WARN  o.e.m.c.i.embedder.EclipseLogger - Using platform encoding (MS949 actually) to copy filtered resources, i.e. build is platform dependent!
2018-11-01 15:40:24,624 [Worker-58] INFO  o.e.m.c.i.embedder.EclipseLogger - Copying 2 resources
2018-11-01 15:40:24,624 [Worker-58] WARN  o.e.m.c.i.embedder.EclipseLogger - Using platform encoding (MS949 actually) to copy filtered resources, i.e. build is platform dependent!
2018-11-01 15:40:24,626 [Worker-58] INFO  o.e.m.c.i.embedder.EclipseLogger - Copying 0 resource
2018-11-01 16:04:19,836 [Worker-48] INFO  o.e.m.c.i.l.LifecycleMappingFactory - Using org.maven.ide.eclipse.wtp.WarLifecycleMapping lifecycle mapping for MavenProject: com.raizcorp:boardweb:1.0.0-BUILD-SNAPSHOT @ D:\project\BoardWeb\pom.xml.
2018-11-01 16:04:20,831 [Worker-48] WARN  o.e.m.c.i.embedder.EclipseLogger - Using platform encoding (MS949 actually) to copy filtered resources, i.e. build is platform dependent!
2018-11-01 16:04:20,835 [Worker-48] INFO  o.e.m.c.i.embedder.EclipseLogger - Copying 0 resource
2018-11-01 16:04:20,837 [Worker-48] WARN  o.e.m.c.i.embedder.EclipseLogger - Using platform encoding (MS949 actually) to copy filtered resources, i.e. build is platform dependent!
2018-11-01 16:04:20,839 [Worker-48] INFO  o.e.m.c.i.embedder.EclipseLogger - Copying 0 resource
2018-11-01 16:04:20,840 [Worker-48] INFO  o.e.m.w.i.f.ResourceFilteringBuildParticipant - Changed resources require a complete clean of filtered resources of BoardWeb
2018-11-01 16:04:20,840 [Worker-48] INFO  o.e.m.w.i.f.ResourceFilteringBuildParticipant - Executing resource filtering for BoardWeb
2018-11-01 16:04:20,845 [Worker-48] WARN  o.e.m.c.i.embedder.EclipseLogger - Using platform encoding (MS949 actually) to copy filtered resources, i.e. build is platform dependent!
2018-11-01 16:04:22,308 [Worker-66] WARN  o.e.m.c.i.embedder.EclipseLogger - Using platform encoding (MS949 actually) to copy filtered resources, i.e. build is platform dependent!
2018-11-01 16:04:22,314 [Worker-66] INFO  o.e.m.c.i.embedder.EclipseLogger - Copying 2 resources
2018-11-01 16:04:22,370 [Worker-66] WARN  o.e.m.c.i.embedder.EclipseLogger - Using platform encoding (MS949 actually) to copy filtered resources, i.e. build is platform dependent!
2018-11-01 16:04:22,372 [Worker-66] INFO  o.e.m.c.i.embedder.EclipseLogger - Copying 1 resource
2018-11-01 17:09:57,981 [Worker-71] WARN  o.e.m.c.i.embedder.EclipseLogger - Using platform encoding (MS949 actually) to copy filtered resources, i.e. build is platform dependent!
2018-11-01 17:09:57,986 [Worker-71] INFO  o.e.m.c.i.embedder.EclipseLogger - Copying 1 resource
2018-11-01 17:09:57,992 [Worker-71] WARN  o.e.m.c.i.embedder.EclipseLogger - Using platform encoding (MS949 actually) to copy filtered resources, i.e. build is platform dependent!
2018-11-01 17:09:57,995 [Worker-71] INFO  o.e.m.c.i.embedder.EclipseLogger - Copying 0 resource
2018-11-01 19:02:19,147 [Worker-123] INFO  o.e.m.c.i.l.LifecycleMappingFactory - Using org.maven.ide.eclipse.wtp.WarLifecycleMapping lifecycle mapping for MavenProject: com.raizcorp:boardweb:1.0.0-BUILD-SNAPSHOT @ D:\project\BoardWeb\pom.xml.
2018-11-01 19:02:21,293 [Worker-123] WARN  o.e.m.c.i.embedder.EclipseLogger - Using platform encoding (MS949 actually) to copy filtered resources, i.e. build is platform dependent!
2018-11-01 19:02:21,297 [Worker-123] INFO  o.e.m.c.i.embedder.EclipseLogger - Copying 0 resource
2018-11-01 19:02:21,298 [Worker-123] WARN  o.e.m.c.i.embedder.EclipseLogger - Using platform encoding (MS949 actually) to copy filtered resources, i.e. build is platform dependent!
2018-11-01 19:02:21,299 [Worker-123] INFO  o.e.m.c.i.embedder.EclipseLogger - Copying 0 resource
2018-11-01 19:02:21,300 [Worker-123] INFO  o.e.m.w.i.f.ResourceFilteringBuildParticipant - Changed resources require a complete clean of filtered resources of BoardWeb
2018-11-01 19:02:21,300 [Worker-123] INFO  o.e.m.w.i.f.ResourceFilteringBuildParticipant - Executing resource filtering for BoardWeb
2018-11-01 19:02:21,304 [Worker-123] WARN  o.e.m.c.i.embedder.EclipseLogger - Using platform encoding (MS949 actually) to copy filtered resources, i.e. build is platform dependent!
2018-11-01 19:02:22,966 [Worker-111] WARN  o.e.m.c.i.embedder.EclipseLogger - Using platform encoding (MS949 actually) to copy filtered resources, i.e. build is platform dependent!
2018-11-01 19:02:22,968 [Worker-111] INFO  o.e.m.c.i.embedder.EclipseLogger - Copying 2 resources
2018-11-01 19:02:22,991 [Worker-111] WARN  o.e.m.c.i.embedder.EclipseLogger - Using platform encoding (MS949 actually) to copy filtered resources, i.e. build is platform dependent!
2018-11-01 19:02:22,992 [Worker-111] INFO  o.e.m.c.i.embedder.EclipseLogger - Copying 1 resource
2018-11-01 19:02:53,296 [Worker-120] WARN  o.e.m.c.i.embedder.EclipseLogger - Using platform encoding (MS949 actually) to copy filtered resources, i.e. build is platform dependent!
2018-11-01 19:02:53,298 [Worker-120] INFO  o.e.m.c.i.embedder.EclipseLogger - Copying 1 resource
2018-11-01 19:02:53,301 [Worker-120] WARN  o.e.m.c.i.embedder.EclipseLogger - Using platform encoding (MS949 actually) to copy filtered resources, i.e. build is platform dependent!
2018-11-01 19:02:53,302 [Worker-120] INFO  o.e.m.c.i.embedder.EclipseLogger - Copying 0 resource
2018-11-01 19:04:34,403 [Worker-109] WARN  o.e.m.c.i.embedder.EclipseLogger - Using platform encoding (MS949 actually) to copy filtered resources, i.e. build is platform dependent!
2018-11-01 19:04:34,404 [Worker-109] INFO  o.e.m.c.i.embedder.EclipseLogger - Copying 1 resource
2018-11-01 19:04:34,408 [Worker-109] WARN  o.e.m.c.i.embedder.EclipseLogger - Using platform encoding (MS949 actually) to copy filtered resources, i.e. build is platform dependent!
2018-11-01 19:04:34,410 [Worker-109] INFO  o.e.m.c.i.embedder.EclipseLogger - Copying 0 resource
2018-11-01 20:26:53,303 [Worker-111] WARN  o.e.m.c.i.embedder.EclipseLogger - Using platform encoding (MS949 actually) to copy filtered resources, i.e. build is platform dependent!
2018-11-01 20:26:53,305 [Worker-111] INFO  o.e.m.c.i.embedder.EclipseLogger - Copying 1 resource
2018-11-01 20:26:53,312 [Worker-111] WARN  o.e.m.c.i.embedder.EclipseLogger - Using platform encoding (MS949 actually) to copy filtered resources, i.e. build is platform dependent!
2018-11-01 20:26:53,314 [Worker-111] INFO  o.e.m.c.i.embedder.EclipseLogger - Copying 0 resource
2018-11-01 20:27:23,839 [Worker-127] WARN  o.e.m.c.i.embedder.EclipseLogger - Using platform encoding (MS949 actually) to copy filtered resources, i.e. build is platform dependent!
2018-11-01 20:27:23,842 [Worker-127] INFO  o.e.m.c.i.embedder.EclipseLogger - Copying 2 resources
2018-11-01 20:27:23,844 [Worker-127] WARN  o.e.m.c.i.embedder.EclipseLogger - Using platform encoding (MS949 actually) to copy filtered resources, i.e. build is platform dependent!
2018-11-01 20:27:23,846 [Worker-127] INFO  o.e.m.c.i.embedder.EclipseLogger - Copying 0 resource
2018-11-01 20:28:23,569 [Worker-111] WARN  o.e.m.c.i.embedder.EclipseLogger - Using platform encoding (MS949 actually) to copy filtered resources, i.e. build is platform dependent!
2018-11-01 20:28:23,571 [Worker-111] INFO  o.e.m.c.i.embedder.EclipseLogger - Copying 1 resource
2018-11-01 20:28:23,573 [Worker-111] WARN  o.e.m.c.i.embedder.EclipseLogger - Using platform encoding (MS949 actually) to copy filtered resources, i.e. build is platform dependent!
2018-11-01 20:28:23,576 [Worker-111] INFO  o.e.m.c.i.embedder.EclipseLogger - Copying 0 resource
2018-11-01 20:29:31,769 [Worker-111] WARN  o.e.m.c.i.embedder.EclipseLogger - Using platform encoding (MS949 actually) to copy filtered resources, i.e. build is platform dependent!
2018-11-01 20:29:31,770 [Worker-111] INFO  o.e.m.c.i.embedder.EclipseLogger - Copying 1 resource
2018-11-01 20:29:31,772 [Worker-111] WARN  o.e.m.c.i.embedder.EclipseLogger - Using platform encoding (MS949 actually) to copy filtered resources, i.e. build is platform dependent!
2018-11-01 20:29:31,773 [Worker-111] INFO  o.e.m.c.i.embedder.EclipseLogger - Copying 0 resource
2018-11-01 20:29:34,161 [Worker-129] INFO  o.e.m.c.i.l.LifecycleMappingFactory - Using org.maven.ide.eclipse.wtp.WarLifecycleMapping lifecycle mapping for MavenProject: com.raizcorp:boardweb:1.0.0-BUILD-SNAPSHOT @ D:\project\BoardWeb\pom.xml.
2018-11-01 20:29:35,216 [Worker-129] INFO  o.e.m.c.i.e.AbstractTransferListenerAdapter - Downloading https://repo.maven.apache.org/maven2/mysql/mysql-connector-java/6.0.5/mysql-connector-java-6.0.5.pom
2018-11-01 20:29:35,380 [Worker-129] INFO  o.e.m.c.i.e.AbstractTransferListenerAdapter - Downloaded https://repo.maven.apache.org/maven2/mysql/mysql-connector-java/6.0.5/mysql-connector-java-6.0.5.pom
2018-11-01 20:29:35,566 [Worker-129] INFO  o.e.m.c.i.e.AbstractTransferListenerAdapter - Downloading https://repo.maven.apache.org/maven2/mysql/mysql-connector-java/6.0.5/mysql-connector-java-6.0.5.jar
2018-11-01 20:29:36,975 [Worker-129] INFO  o.e.m.c.i.e.AbstractTransferListenerAdapter - Downloaded https://repo.maven.apache.org/maven2/mysql/mysql-connector-java/6.0.5/mysql-connector-java-6.0.5.jar
2018-11-01 20:29:37,857 [Worker-129] WARN  o.e.m.c.i.embedder.EclipseLogger - Using platform encoding (MS949 actually) to copy filtered resources, i.e. build is platform dependent!
2018-11-01 20:29:37,859 [Worker-129] INFO  o.e.m.c.i.embedder.EclipseLogger - Copying 0 resource
2018-11-01 20:29:37,861 [Worker-129] WARN  o.e.m.c.i.embedder.EclipseLogger - Using platform encoding (MS949 actually) to copy filtered resources, i.e. build is platform dependent!
2018-11-01 20:29:37,862 [Worker-129] INFO  o.e.m.c.i.embedder.EclipseLogger - Copying 0 resource
2018-11-01 20:29:37,862 [Worker-129] INFO  o.e.m.w.i.f.ResourceFilteringBuildParticipant - Changed resources require a complete clean of filtered resources of BoardWeb
2018-11-01 20:29:37,863 [Worker-129] INFO  o.e.m.w.i.f.ResourceFilteringBuildParticipant - Executing resource filtering for BoardWeb
2018-11-01 20:29:37,866 [Worker-129] WARN  o.e.m.c.i.embedder.EclipseLogger - Using platform encoding (MS949 actually) to copy filtered resources, i.e. build is platform dependent!
2018-11-01 20:29:39,406 [Worker-137] WARN  o.e.m.c.i.embedder.EclipseLogger - Using platform encoding (MS949 actually) to copy filtered resources, i.e. build is platform dependent!
2018-11-01 20:29:39,408 [Worker-137] INFO  o.e.m.c.i.embedder.EclipseLogger - Copying 3 resources
2018-11-01 20:29:39,422 [Worker-137] WARN  o.e.m.c.i.embedder.EclipseLogger - Using platform encoding (MS949 actually) to copy filtered resources, i.e. build is platform dependent!
2018-11-01 20:29:39,425 [Worker-137] INFO  o.e.m.c.i.embedder.EclipseLogger - Copying 1 resource
2018-11-01 20:30:49,963 [Worker-134] WARN  o.e.m.c.i.embedder.EclipseLogger - Using platform encoding (MS949 actually) to copy filtered resources, i.e. build is platform dependent!
2018-11-01 20:30:49,965 [Worker-134] INFO  o.e.m.c.i.embedder.EclipseLogger - Copying 1 resource
2018-11-01 20:30:49,968 [Worker-134] WARN  o.e.m.c.i.embedder.EclipseLogger - Using platform encoding (MS949 actually) to copy filtered resources, i.e. build is platform dependent!
2018-11-01 20:30:49,970 [Worker-134] INFO  o.e.m.c.i.embedder.EclipseLogger - Copying 0 resource
2018-11-01 20:30:52,134 [Worker-127] WARN  o.e.m.c.i.embedder.EclipseLogger - Using platform encoding (MS949 actually) to copy filtered resources, i.e. build is platform dependent!
2018-11-01 20:30:52,136 [Worker-127] INFO  o.e.m.c.i.embedder.EclipseLogger - Copying 1 resource
2018-11-01 20:30:52,139 [Worker-127] WARN  o.e.m.c.i.embedder.EclipseLogger - Using platform encoding (MS949 actually) to copy filtered resources, i.e. build is platform dependent!
2018-11-01 20:30:52,141 [Worker-127] INFO  o.e.m.c.i.embedder.EclipseLogger - Copying 0 resource
2018-11-01 20:31:33,072 [Worker-111] WARN  o.e.m.c.i.embedder.EclipseLogger - Using platform encoding (MS949 actually) to copy filtered resources, i.e. build is platform dependent!
2018-11-01 20:31:33,074 [Worker-111] INFO  o.e.m.c.i.embedder.EclipseLogger - Copying 1 resource
2018-11-01 20:31:33,076 [Worker-111] WARN  o.e.m.c.i.embedder.EclipseLogger - Using platform encoding (MS949 actually) to copy filtered resources, i.e. build is platform dependent!
2018-11-01 20:31:33,079 [Worker-111] INFO  o.e.m.c.i.embedder.EclipseLogger - Copying 0 resource
2018-11-01 20:39:03,647 [Worker-133] WARN  o.e.m.c.i.embedder.EclipseLogger - Using platform encoding (MS949 actually) to copy filtered resources, i.e. build is platform dependent!
2018-11-01 20:39:03,647 [Worker-133] INFO  o.e.m.c.i.embedder.EclipseLogger - Copying 1 resource
2018-11-01 20:39:03,651 [Worker-133] WARN  o.e.m.c.i.embedder.EclipseLogger - Using platform encoding (MS949 actually) to copy filtered resources, i.e. build is platform dependent!
2018-11-01 20:39:03,654 [Worker-133] INFO  o.e.m.c.i.embedder.EclipseLogger - Copying 0 resource
2018-11-01 21:00:11,635 [Worker-111] WARN  o.e.m.c.i.embedder.EclipseLogger - Using platform encoding (MS949 actually) to copy filtered resources, i.e. build is platform dependent!
2018-11-01 21:00:11,637 [Worker-111] INFO  o.e.m.c.i.embedder.EclipseLogger - Copying 3 resources
2018-11-01 21:00:11,639 [Worker-111] WARN  o.e.m.c.i.embedder.EclipseLogger - Using platform encoding (MS949 actually) to copy filtered resources, i.e. build is platform dependent!
2018-11-01 21:00:11,640 [Worker-111] INFO  o.e.m.c.i.embedder.EclipseLogger - Copying 0 resource
2018-11-01 21:01:04,708 [Worker-137] WARN  o.e.m.c.i.embedder.EclipseLogger - Using platform encoding (MS949 actually) to copy filtered resources, i.e. build is platform dependent!
2018-11-01 21:01:04,711 [Worker-137] INFO  o.e.m.c.i.embedder.EclipseLogger - Copying 3 resources
2018-11-01 21:01:04,713 [Worker-137] WARN  o.e.m.c.i.embedder.EclipseLogger - Using platform encoding (MS949 actually) to copy filtered resources, i.e. build is platform dependent!
2018-11-01 21:01:04,714 [Worker-137] INFO  o.e.m.c.i.embedder.EclipseLogger - Copying 0 resource
2018-11-01 21:27:34,946 [Worker-141] WARN  o.e.m.c.i.embedder.EclipseLogger - Using platform encoding (MS949 actually) to copy filtered resources, i.e. build is platform dependent!
2018-11-01 21:27:34,948 [Worker-141] INFO  o.e.m.c.i.embedder.EclipseLogger - Copying 3 resources
2018-11-01 21:27:34,950 [Worker-141] WARN  o.e.m.c.i.embedder.EclipseLogger - Using platform encoding (MS949 actually) to copy filtered resources, i.e. build is platform dependent!
2018-11-01 21:27:34,951 [Worker-141] INFO  o.e.m.c.i.embedder.EclipseLogger - Copying 0 resource
2018-11-01 22:05:42,500 [Worker-142] WARN  o.e.m.c.i.embedder.EclipseLogger - Using platform encoding (MS949 actually) to copy filtered resources, i.e. build is platform dependent!
2018-11-01 22:05:42,501 [Worker-142] INFO  o.e.m.c.i.embedder.EclipseLogger - Copying 3 resources
2018-11-01 22:05:42,503 [Worker-142] WARN  o.e.m.c.i.embedder.EclipseLogger - Using platform encoding (MS949 actually) to copy filtered resources, i.e. build is platform dependent!
2018-11-01 22:05:42,504 [Worker-142] INFO  o.e.m.c.i.embedder.EclipseLogger - Copying 0 resource
2018-11-01 22:05:50,561 [Worker-152] WARN  o.e.m.c.i.embedder.EclipseLogger - Using platform encoding (MS949 actually) to copy filtered resources, i.e. build is platform dependent!
2018-11-01 22:05:50,564 [Worker-152] INFO  o.e.m.c.i.embedder.EclipseLogger - Copying 3 resources
2018-11-01 22:05:50,566 [Worker-152] WARN  o.e.m.c.i.embedder.EclipseLogger - Using platform encoding (MS949 actually) to copy filtered resources, i.e. build is platform dependent!
2018-11-01 22:05:50,568 [Worker-152] INFO  o.e.m.c.i.embedder.EclipseLogger - Copying 0 resource
2018-11-01 22:05:57,071 [Worker-153] WARN  o.e.m.c.i.embedder.EclipseLogger - Using platform encoding (MS949 actually) to copy filtered resources, i.e. build is platform dependent!
2018-11-01 22:05:57,073 [Worker-153] INFO  o.e.m.c.i.embedder.EclipseLogger - Copying 3 resources
2018-11-01 22:05:57,075 [Worker-153] WARN  o.e.m.c.i.embedder.EclipseLogger - Using platform encoding (MS949 actually) to copy filtered resources, i.e. build is platform dependent!
2018-11-01 22:05:57,077 [Worker-153] INFO  o.e.m.c.i.embedder.EclipseLogger - Copying 0 resource
2018-11-01 22:05:58,665 [Worker-144] WARN  o.e.m.c.i.embedder.EclipseLogger - Using platform encoding (MS949 actually) to copy filtered resources, i.e. build is platform dependent!
2018-11-01 22:05:58,667 [Worker-144] INFO  o.e.m.c.i.embedder.EclipseLogger - Copying 3 resources
2018-11-01 22:05:58,668 [Worker-144] WARN  o.e.m.c.i.embedder.EclipseLogger - Using platform encoding (MS949 actually) to copy filtered resources, i.e. build is platform dependent!
2018-11-01 22:05:58,669 [Worker-144] INFO  o.e.m.c.i.embedder.EclipseLogger - Copying 0 resource
2018-11-01 22:06:17,317 [Worker-151] WARN  o.e.m.c.i.embedder.EclipseLogger - Using platform encoding (MS949 actually) to copy filtered resources, i.e. build is platform dependent!
2018-11-01 22:06:17,319 [Worker-151] INFO  o.e.m.c.i.embedder.EclipseLogger - Copying 3 resources
2018-11-01 22:06:17,320 [Worker-151] WARN  o.e.m.c.i.embedder.EclipseLogger - Using platform encoding (MS949 actually) to copy filtered resources, i.e. build is platform dependent!
2018-11-01 22:06:17,322 [Worker-151] INFO  o.e.m.c.i.embedder.EclipseLogger - Copying 0 resource
2018-11-01 22:06:20,323 [Worker-153] WARN  o.e.m.c.i.embedder.EclipseLogger - Using platform encoding (MS949 actually) to copy filtered resources, i.e. build is platform dependent!
2018-11-01 22:06:20,325 [Worker-153] INFO  o.e.m.c.i.embedder.EclipseLogger - Copying 3 resources
2018-11-01 22:06:20,326 [Worker-153] WARN  o.e.m.c.i.embedder.EclipseLogger - Using platform encoding (MS949 actually) to copy filtered resources, i.e. build is platform dependent!
2018-11-01 22:06:20,327 [Worker-153] INFO  o.e.m.c.i.embedder.EclipseLogger - Copying 0 resource
2018-11-01 22:15:54,702 [Worker-154] WARN  o.e.m.c.i.embedder.EclipseLogger - Using platform encoding (MS949 actually) to copy filtered resources, i.e. build is platform dependent!
2018-11-01 22:15:54,703 [Worker-154] INFO  o.e.m.c.i.embedder.EclipseLogger - Copying 1 resource
2018-11-01 22:15:54,709 [Worker-154] WARN  o.e.m.c.i.embedder.EclipseLogger - Using platform encoding (MS949 actually) to copy filtered resources, i.e. build is platform dependent!
2018-11-01 22:15:54,710 [Worker-154] INFO  o.e.m.c.i.embedder.EclipseLogger - Copying 0 resource
2018-11-01 22:16:23,224 [Worker-156] WARN  o.e.m.c.i.embedder.EclipseLogger - Using platform encoding (MS949 actually) to copy filtered resources, i.e. build is platform dependent!
2018-11-01 22:16:23,227 [Worker-156] INFO  o.e.m.c.i.embedder.EclipseLogger - Copying 1 resource
2018-11-01 22:16:23,233 [Worker-156] WARN  o.e.m.c.i.embedder.EclipseLogger - Using platform encoding (MS949 actually) to copy filtered resources, i.e. build is platform dependent!
2018-11-01 22:16:23,234 [Worker-156] INFO  o.e.m.c.i.embedder.EclipseLogger - Copying 0 resource
2018-11-01 22:18:33,496 [Worker-148] WARN  o.e.m.c.i.embedder.EclipseLogger - Using platform encoding (MS949 actually) to copy filtered resources, i.e. build is platform dependent!
2018-11-01 22:18:33,497 [Worker-148] INFO  o.e.m.c.i.embedder.EclipseLogger - Copying 1 resource
2018-11-01 22:18:33,502 [Worker-148] WARN  o.e.m.c.i.embedder.EclipseLogger - Using platform encoding (MS949 actually) to copy filtered resources, i.e. build is platform dependent!
2018-11-01 22:18:33,505 [Worker-148] INFO  o.e.m.c.i.embedder.EclipseLogger - Copying 0 resource
2018-11-01 22:20:34,300 [Worker-153] WARN  o.e.m.c.i.embedder.EclipseLogger - Using platform encoding (MS949 actually) to copy filtered resources, i.e. build is platform dependent!
2018-11-01 22:20:34,306 [Worker-153] INFO  o.e.m.c.i.embedder.EclipseLogger - Copying 1 resource
2018-11-01 22:20:34,311 [Worker-153] WARN  o.e.m.c.i.embedder.EclipseLogger - Using platform encoding (MS949 actually) to copy filtered resources, i.e. build is platform dependent!
2018-11-01 22:20:34,313 [Worker-153] INFO  o.e.m.c.i.embedder.EclipseLogger - Copying 0 resource
2018-11-01 22:28:07,589 [Worker-156] WARN  o.e.m.c.i.embedder.EclipseLogger - Using platform encoding (MS949 actually) to copy filtered resources, i.e. build is platform dependent!
2018-11-01 22:28:07,590 [Worker-156] INFO  o.e.m.c.i.embedder.EclipseLogger - Copying 1 resource
2018-11-01 22:28:07,593 [Worker-156] WARN  o.e.m.c.i.embedder.EclipseLogger - Using platform encoding (MS949 actually) to copy filtered resources, i.e. build is platform dependent!
2018-11-01 22:28:07,594 [Worker-156] INFO  o.e.m.c.i.embedder.EclipseLogger - Copying 0 resource
2018-11-01 22:28:50,537 [Worker-161] WARN  o.e.m.c.i.embedder.EclipseLogger - Using platform encoding (MS949 actually) to copy filtered resources, i.e. build is platform dependent!
2018-11-01 22:28:50,538 [Worker-161] INFO  o.e.m.c.i.embedder.EclipseLogger - Copying 1 resource
2018-11-01 22:28:50,542 [Worker-161] WARN  o.e.m.c.i.embedder.EclipseLogger - Using platform encoding (MS949 actually) to copy filtered resources, i.e. build is platform dependent!
2018-11-01 22:28:50,544 [Worker-161] INFO  o.e.m.c.i.embedder.EclipseLogger - Copying 0 resource
2018-11-01 22:32:05,780 [Worker-151] WARN  o.e.m.c.i.embedder.EclipseLogger - Using platform encoding (MS949 actually) to copy filtered resources, i.e. build is platform dependent!
2018-11-01 22:32:05,784 [Worker-151] INFO  o.e.m.c.i.embedder.EclipseLogger - Copying 1 resource
2018-11-01 22:32:05,789 [Worker-151] WARN  o.e.m.c.i.embedder.EclipseLogger - Using platform encoding (MS949 actually) to copy filtered resources, i.e. build is platform dependent!
2018-11-01 22:32:05,791 [Worker-151] INFO  o.e.m.c.i.embedder.EclipseLogger - Copying 0 resource
2018-11-01 22:32:52,020 [Worker-148] WARN  o.e.m.c.i.embedder.EclipseLogger - Using platform encoding (MS949 actually) to copy filtered resources, i.e. build is platform dependent!
2018-11-01 22:32:52,022 [Worker-148] INFO  o.e.m.c.i.embedder.EclipseLogger - Copying 1 resource
2018-11-01 22:32:52,024 [Worker-148] WARN  o.e.m.c.i.embedder.EclipseLogger - Using platform encoding (MS949 actually) to copy filtered resources, i.e. build is platform dependent!
2018-11-01 22:32:52,026 [Worker-148] INFO  o.e.m.c.i.embedder.EclipseLogger - Copying 0 resource
2018-11-01 22:32:59,958 [Worker-162] WARN  o.e.m.c.i.embedder.EclipseLogger - Using platform encoding (MS949 actually) to copy filtered resources, i.e. build is platform dependent!
2018-11-01 22:32:59,960 [Worker-162] INFO  o.e.m.c.i.embedder.EclipseLogger - Copying 1 resource
2018-11-01 22:32:59,976 [Worker-162] WARN  o.e.m.c.i.embedder.EclipseLogger - Using platform encoding (MS949 actually) to copy filtered resources, i.e. build is platform dependent!
2018-11-01 22:32:59,980 [Worker-162] INFO  o.e.m.c.i.embedder.EclipseLogger - Copying 0 resource
2018-11-01 22:33:02,983 [Worker-148] WARN  o.e.m.c.i.embedder.EclipseLogger - Using platform encoding (MS949 actually) to copy filtered resources, i.e. build is platform dependent!
2018-11-01 22:33:02,985 [Worker-148] INFO  o.e.m.c.i.embedder.EclipseLogger - Copying 1 resource
2018-11-01 22:33:02,989 [Worker-148] WARN  o.e.m.c.i.embedder.EclipseLogger - Using platform encoding (MS949 actually) to copy filtered resources, i.e. build is platform dependent!
2018-11-01 22:33:02,991 [Worker-148] INFO  o.e.m.c.i.embedder.EclipseLogger - Copying 0 resource
2018-11-01 22:33:35,314 [Worker-161] WARN  o.e.m.c.i.embedder.EclipseLogger - Using platform encoding (MS949 actually) to copy filtered resources, i.e. build is platform dependent!
2018-11-01 22:33:35,317 [Worker-161] INFO  o.e.m.c.i.embedder.EclipseLogger - Copying 1 resource
2018-11-01 22:33:35,321 [Worker-161] WARN  o.e.m.c.i.embedder.EclipseLogger - Using platform encoding (MS949 actually) to copy filtered resources, i.e. build is platform dependent!
2018-11-01 22:33:35,322 [Worker-161] INFO  o.e.m.c.i.embedder.EclipseLogger - Copying 0 resource
2018-11-01 22:33:44,681 [Worker-148] WARN  o.e.m.c.i.embedder.EclipseLogger - Using platform encoding (MS949 actually) to copy filtered resources, i.e. build is platform dependent!
2018-11-01 22:33:44,685 [Worker-148] INFO  o.e.m.c.i.embedder.EclipseLogger - Copying 1 resource
2018-11-01 22:33:44,690 [Worker-148] WARN  o.e.m.c.i.embedder.EclipseLogger - Using platform encoding (MS949 actually) to copy filtered resources, i.e. build is platform dependent!
2018-11-01 22:33:44,692 [Worker-148] INFO  o.e.m.c.i.embedder.EclipseLogger - Copying 0 resource
2018-11-01 22:39:55,949 [Worker-167] WARN  o.e.m.c.i.embedder.EclipseLogger - Using platform encoding (MS949 actually) to copy filtered resources, i.e. build is platform dependent!
2018-11-01 22:39:55,952 [Worker-167] INFO  o.e.m.c.i.embedder.EclipseLogger - Copying 3 resources
2018-11-01 22:39:55,954 [Worker-167] WARN  o.e.m.c.i.embedder.EclipseLogger - Using platform encoding (MS949 actually) to copy filtered resources, i.e. build is platform dependent!
2018-11-01 22:39:55,956 [Worker-167] INFO  o.e.m.c.i.embedder.EclipseLogger - Copying 0 resource
2018-11-01 22:41:08,358 [Worker-167] INFO  o.e.m.c.i.l.LifecycleMappingFactory - Using org.maven.ide.eclipse.wtp.WarLifecycleMapping lifecycle mapping for MavenProject: com.raizcorp:boardweb:1.0.0-BUILD-SNAPSHOT @ D:\project\BoardWeb\pom.xml.
2018-11-01 22:41:08,897 [Worker-167] WARN  o.e.m.c.i.embedder.EclipseLogger - Using platform encoding (MS949 actually) to copy filtered resources, i.e. build is platform dependent!
2018-11-01 22:41:08,900 [Worker-167] INFO  o.e.m.c.i.embedder.EclipseLogger - Copying 0 resource
2018-11-01 22:41:08,901 [Worker-167] WARN  o.e.m.c.i.embedder.EclipseLogger - Using platform encoding (MS949 actually) to copy filtered resources, i.e. build is platform dependent!
2018-11-01 22:41:08,902 [Worker-167] INFO  o.e.m.c.i.embedder.EclipseLogger - Copying 0 resource
2018-11-01 22:41:08,902 [Worker-167] INFO  o.e.m.w.i.f.ResourceFilteringBuildParticipant - Changed resources require a complete clean of filtered resources of BoardWeb
2018-11-01 22:41:08,902 [Worker-167] INFO  o.e.m.w.i.f.ResourceFilteringBuildParticipant - Executing resource filtering for BoardWeb
2018-11-01 22:41:08,905 [Worker-167] WARN  o.e.m.c.i.embedder.EclipseLogger - Using platform encoding (MS949 actually) to copy filtered resources, i.e. build is platform dependent!
2018-11-02 17:46:07,548 [Worker-3] WARN  o.e.m.c.i.embedder.EclipseLogger - Using platform encoding (MS949 actually) to copy filtered resources, i.e. build is platform dependent!
2018-11-02 17:46:07,562 [Worker-3] INFO  o.e.m.c.i.embedder.EclipseLogger - Copying 3 resources
2018-11-02 17:46:07,570 [Worker-3] WARN  o.e.m.c.i.embedder.EclipseLogger - Using platform encoding (MS949 actually) to copy filtered resources, i.e. build is platform dependent!
2018-11-02 17:46:07,572 [Worker-3] INFO  o.e.m.c.i.embedder.EclipseLogger - Copying 1 resource
2018-11-02 17:50:37,639 [Worker-12] WARN  o.e.m.c.i.embedder.EclipseLogger - Using platform encoding (MS949 actually) to copy filtered resources, i.e. build is platform dependent!
2018-11-02 17:50:37,645 [Worker-12] INFO  o.e.m.c.i.embedder.EclipseLogger - Copying 0 resource
2018-11-02 17:50:37,647 [Worker-12] WARN  o.e.m.c.i.embedder.EclipseLogger - Using platform encoding (MS949 actually) to copy filtered resources, i.e. build is platform dependent!
2018-11-02 17:50:37,649 [Worker-12] INFO  o.e.m.c.i.embedder.EclipseLogger - Copying 0 resource
2018-11-02 17:55:17,305 [Worker-5] WARN  o.e.m.c.i.embedder.EclipseLogger - Using platform encoding (MS949 actually) to copy filtered resources, i.e. build is platform dependent!
2018-11-02 17:55:17,309 [Worker-5] INFO  o.e.m.c.i.embedder.EclipseLogger - Copying 0 resource
2018-11-02 17:55:17,311 [Worker-5] WARN  o.e.m.c.i.embedder.EclipseLogger - Using platform encoding (MS949 actually) to copy filtered resources, i.e. build is platform dependent!
2018-11-02 17:55:17,313 [Worker-5] INFO  o.e.m.c.i.embedder.EclipseLogger - Copying 0 resource
2018-11-02 17:55:35,702 [Worker-23] WARN  o.e.m.c.i.embedder.EclipseLogger - Using platform encoding (MS949 actually) to copy filtered resources, i.e. build is platform dependent!
2018-11-02 17:55:35,704 [Worker-23] INFO  o.e.m.c.i.embedder.EclipseLogger - Copying 0 resource
2018-11-02 17:55:35,705 [Worker-23] WARN  o.e.m.c.i.embedder.EclipseLogger - Using platform encoding (MS949 actually) to copy filtered resources, i.e. build is platform dependent!
2018-11-02 17:55:35,707 [Worker-23] INFO  o.e.m.c.i.embedder.EclipseLogger - Copying 0 resource
2018-11-02 17:55:58,892 [Worker-21] WARN  o.e.m.c.i.embedder.EclipseLogger - Using platform encoding (MS949 actually) to copy filtered resources, i.e. build is platform dependent!
2018-11-02 17:55:58,898 [Worker-21] INFO  o.e.m.c.i.embedder.EclipseLogger - Copying 0 resource
2018-11-02 17:55:58,899 [Worker-21] WARN  o.e.m.c.i.embedder.EclipseLogger - Using platform encoding (MS949 actually) to copy filtered resources, i.e. build is platform dependent!
2018-11-02 17:55:58,901 [Worker-21] INFO  o.e.m.c.i.embedder.EclipseLogger - Copying 0 resource
2018-11-02 17:59:45,699 [Worker-21] WARN  o.e.m.c.i.embedder.EclipseLogger - Using platform encoding (MS949 actually) to copy filtered resources, i.e. build is platform dependent!
2018-11-02 17:59:45,703 [Worker-21] INFO  o.e.m.c.i.embedder.EclipseLogger - Copying 0 resource
2018-11-02 17:59:45,705 [Worker-21] WARN  o.e.m.c.i.embedder.EclipseLogger - Using platform encoding (MS949 actually) to copy filtered resources, i.e. build is platform dependent!
2018-11-02 17:59:45,709 [Worker-21] INFO  o.e.m.c.i.embedder.EclipseLogger - Copying 0 resource
2018-11-02 18:01:02,922 [Worker-23] WARN  o.e.m.c.i.embedder.EclipseLogger - Using platform encoding (MS949 actually) to copy filtered resources, i.e. build is platform dependent!
2018-11-02 18:01:02,924 [Worker-23] INFO  o.e.m.c.i.embedder.EclipseLogger - Copying 0 resource
2018-11-02 18:01:02,926 [Worker-23] WARN  o.e.m.c.i.embedder.EclipseLogger - Using platform encoding (MS949 actually) to copy filtered resources, i.e. build is platform dependent!
2018-11-02 18:01:02,928 [Worker-23] INFO  o.e.m.c.i.embedder.EclipseLogger - Copying 0 resource
2018-11-02 18:01:06,886 [Worker-8] WARN  o.e.m.c.i.embedder.EclipseLogger - Using platform encoding (MS949 actually) to copy filtered resources, i.e. build is platform dependent!
2018-11-02 18:01:06,888 [Worker-8] INFO  o.e.m.c.i.embedder.EclipseLogger - Copying 0 resource
2018-11-02 18:01:06,891 [Worker-8] WARN  o.e.m.c.i.embedder.EclipseLogger - Using platform encoding (MS949 actually) to copy filtered resources, i.e. build is platform dependent!
2018-11-02 18:01:06,892 [Worker-8] INFO  o.e.m.c.i.embedder.EclipseLogger - Copying 0 resource
2018-11-02 18:02:21,201 [Worker-22] WARN  o.e.m.c.i.embedder.EclipseLogger - Using platform encoding (MS949 actually) to copy filtered resources, i.e. build is platform dependent!
2018-11-02 18:02:21,202 [Worker-22] INFO  o.e.m.c.i.embedder.EclipseLogger - Copying 0 resource
2018-11-02 18:02:21,203 [Worker-22] WARN  o.e.m.c.i.embedder.EclipseLogger - Using platform encoding (MS949 actually) to copy filtered resources, i.e. build is platform dependent!
2018-11-02 18:02:21,205 [Worker-22] INFO  o.e.m.c.i.embedder.EclipseLogger - Copying 0 resource
2018-11-02 18:02:28,516 [Worker-23] WARN  o.e.m.c.i.embedder.EclipseLogger - Using platform encoding (MS949 actually) to copy filtered resources, i.e. build is platform dependent!
2018-11-02 18:02:28,518 [Worker-23] INFO  o.e.m.c.i.embedder.EclipseLogger - Copying 0 resource
2018-11-02 18:02:28,519 [Worker-23] WARN  o.e.m.c.i.embedder.EclipseLogger - Using platform encoding (MS949 actually) to copy filtered resources, i.e. build is platform dependent!
2018-11-02 18:02:28,520 [Worker-23] INFO  o.e.m.c.i.embedder.EclipseLogger - Copying 0 resource
2018-11-02 18:06:01,989 [Worker-22] WARN  o.e.m.c.i.embedder.EclipseLogger - Using platform encoding (MS949 actually) to copy filtered resources, i.e. build is platform dependent!
2018-11-02 18:06:01,990 [Worker-22] INFO  o.e.m.c.i.embedder.EclipseLogger - Copying 0 resource
2018-11-02 18:06:01,991 [Worker-22] WARN  o.e.m.c.i.embedder.EclipseLogger - Using platform encoding (MS949 actually) to copy filtered resources, i.e. build is platform dependent!
2018-11-02 18:06:01,992 [Worker-22] INFO  o.e.m.c.i.embedder.EclipseLogger - Copying 0 resource
2018-11-02 18:20:18,944 [Worker-26] WARN  o.e.m.c.i.embedder.EclipseLogger - Using platform encoding (MS949 actually) to copy filtered resources, i.e. build is platform dependent!
2018-11-02 18:20:18,957 [Worker-26] INFO  o.e.m.c.i.embedder.EclipseLogger - Copying 0 resource
2018-11-02 18:20:18,960 [Worker-26] WARN  o.e.m.c.i.embedder.EclipseLogger - Using platform encoding (MS949 actually) to copy filtered resources, i.e. build is platform dependent!
2018-11-02 18:20:18,967 [Worker-26] INFO  o.e.m.c.i.embedder.EclipseLogger - Copying 0 resource
2018-11-02 18:23:03,555 [Worker-26] WARN  o.e.m.c.i.embedder.EclipseLogger - Using platform encoding (MS949 actually) to copy filtered resources, i.e. build is platform dependent!
2018-11-02 18:23:03,557 [Worker-26] INFO  o.e.m.c.i.embedder.EclipseLogger - Copying 0 resource
2018-11-02 18:23:03,558 [Worker-26] WARN  o.e.m.c.i.embedder.EclipseLogger - Using platform encoding (MS949 actually) to copy filtered resources, i.e. build is platform dependent!
2018-11-02 18:23:03,559 [Worker-26] INFO  o.e.m.c.i.embedder.EclipseLogger - Copying 0 resource
2018-11-02 18:24:54,856 [Worker-32] WARN  o.e.m.c.i.embedder.EclipseLogger - Using platform encoding (MS949 actually) to copy filtered resources, i.e. build is platform dependent!
2018-11-02 18:24:54,858 [Worker-32] INFO  o.e.m.c.i.embedder.EclipseLogger - Copying 0 resource
2018-11-02 18:24:54,860 [Worker-32] WARN  o.e.m.c.i.embedder.EclipseLogger - Using platform encoding (MS949 actually) to copy filtered resources, i.e. build is platform dependent!
2018-11-02 18:24:54,862 [Worker-32] INFO  o.e.m.c.i.embedder.EclipseLogger - Copying 0 resource
2018-11-02 18:27:59,645 [Worker-33] WARN  o.e.m.c.i.embedder.EclipseLogger - Using platform encoding (MS949 actually) to copy filtered resources, i.e. build is platform dependent!
2018-11-02 18:27:59,647 [Worker-33] INFO  o.e.m.c.i.embedder.EclipseLogger - Copying 0 resource
2018-11-02 18:27:59,648 [Worker-33] WARN  o.e.m.c.i.embedder.EclipseLogger - Using platform encoding (MS949 actually) to copy filtered resources, i.e. build is platform dependent!
2018-11-02 18:27:59,649 [Worker-33] INFO  o.e.m.c.i.embedder.EclipseLogger - Copying 0 resource
2018-11-02 18:44:54,330 [Worker-36] WARN  o.e.m.c.i.embedder.EclipseLogger - Using platform encoding (MS949 actually) to copy filtered resources, i.e. build is platform dependent!
2018-11-02 18:44:54,331 [Worker-36] INFO  o.e.m.c.i.embedder.EclipseLogger - Copying 0 resource
2018-11-02 18:44:54,335 [Worker-36] WARN  o.e.m.c.i.embedder.EclipseLogger - Using platform encoding (MS949 actually) to copy filtered resources, i.e. build is platform dependent!
2018-11-02 18:44:54,336 [Worker-36] INFO  o.e.m.c.i.embedder.EclipseLogger - Copying 0 resource
2018-11-02 18:45:21,545 [Worker-26] WARN  o.e.m.c.i.embedder.EclipseLogger - Using platform encoding (MS949 actually) to copy filtered resources, i.e. build is platform dependent!
2018-11-02 18:45:21,547 [Worker-26] INFO  o.e.m.c.i.embedder.EclipseLogger - Copying 0 resource
2018-11-02 18:45:21,549 [Worker-26] WARN  o.e.m.c.i.embedder.EclipseLogger - Using platform encoding (MS949 actually) to copy filtered resources, i.e. build is platform dependent!
2018-11-02 18:45:21,551 [Worker-26] INFO  o.e.m.c.i.embedder.EclipseLogger - Copying 0 resource
2018-11-02 18:45:44,974 [Worker-40] WARN  o.e.m.c.i.embedder.EclipseLogger - Using platform encoding (MS949 actually) to copy filtered resources, i.e. build is platform dependent!
2018-11-02 18:45:44,975 [Worker-40] INFO  o.e.m.c.i.embedder.EclipseLogger - Copying 0 resource
2018-11-02 18:45:44,976 [Worker-40] WARN  o.e.m.c.i.embedder.EclipseLogger - Using platform encoding (MS949 actually) to copy filtered resources, i.e. build is platform dependent!
2018-11-02 18:45:44,978 [Worker-40] INFO  o.e.m.c.i.embedder.EclipseLogger - Copying 0 resource
2018-11-02 19:02:48,163 [Worker-45] WARN  o.e.m.c.i.embedder.EclipseLogger - Using platform encoding (MS949 actually) to copy filtered resources, i.e. build is platform dependent!
2018-11-02 19:02:48,165 [Worker-45] INFO  o.e.m.c.i.embedder.EclipseLogger - Copying 0 resource
2018-11-02 19:02:48,166 [Worker-45] WARN  o.e.m.c.i.embedder.EclipseLogger - Using platform encoding (MS949 actually) to copy filtered resources, i.e. build is platform dependent!
2018-11-02 19:02:48,168 [Worker-45] INFO  o.e.m.c.i.embedder.EclipseLogger - Copying 0 resource
2018-11-02 19:02:52,275 [Worker-43] WARN  o.e.m.c.i.embedder.EclipseLogger - Using platform encoding (MS949 actually) to copy filtered resources, i.e. build is platform dependent!
2018-11-02 19:02:52,277 [Worker-43] INFO  o.e.m.c.i.embedder.EclipseLogger - Copying 0 resource
2018-11-02 19:02:52,279 [Worker-43] WARN  o.e.m.c.i.embedder.EclipseLogger - Using platform encoding (MS949 actually) to copy filtered resources, i.e. build is platform dependent!
2018-11-02 19:02:52,282 [Worker-43] INFO  o.e.m.c.i.embedder.EclipseLogger - Copying 0 resource
2018-11-02 19:03:15,501 [Worker-26] WARN  o.e.m.c.i.embedder.EclipseLogger - Using platform encoding (MS949 actually) to copy filtered resources, i.e. build is platform dependent!
2018-11-02 19:03:15,502 [Worker-26] INFO  o.e.m.c.i.embedder.EclipseLogger - Copying 0 resource
2018-11-02 19:03:15,503 [Worker-26] WARN  o.e.m.c.i.embedder.EclipseLogger - Using platform encoding (MS949 actually) to copy filtered resources, i.e. build is platform dependent!
2018-11-02 19:03:15,505 [Worker-26] INFO  o.e.m.c.i.embedder.EclipseLogger - Copying 0 resource
2018-11-02 19:07:15,286 [Worker-47] WARN  o.e.m.c.i.embedder.EclipseLogger - Using platform encoding (MS949 actually) to copy filtered resources, i.e. build is platform dependent!
2018-11-02 19:07:15,288 [Worker-47] INFO  o.e.m.c.i.embedder.EclipseLogger - Copying 0 resource
2018-11-02 19:07:15,290 [Worker-47] WARN  o.e.m.c.i.embedder.EclipseLogger - Using platform encoding (MS949 actually) to copy filtered resources, i.e. build is platform dependent!
2018-11-02 19:07:15,292 [Worker-47] INFO  o.e.m.c.i.embedder.EclipseLogger - Copying 0 resource
2018-11-03 01:55:07,704 [Worker-5] WARN  o.e.m.c.i.embedder.EclipseLogger - Using platform encoding (MS949 actually) to copy filtered resources, i.e. build is platform dependent!
2018-11-03 01:55:07,710 [Worker-5] INFO  o.e.m.c.i.embedder.EclipseLogger - Copying 3 resources
2018-11-03 01:55:07,715 [Worker-5] WARN  o.e.m.c.i.embedder.EclipseLogger - Using platform encoding (MS949 actually) to copy filtered resources, i.e. build is platform dependent!
2018-11-03 01:55:07,716 [Worker-5] INFO  o.e.m.c.i.embedder.EclipseLogger - Copying 1 resource
2018-11-03 01:58:48,256 [Worker-2] WARN  o.e.m.c.i.embedder.EclipseLogger - Using platform encoding (MS949 actually) to copy filtered resources, i.e. build is platform dependent!
2018-11-03 01:58:48,261 [Worker-2] INFO  o.e.m.c.i.embedder.EclipseLogger - Copying 0 resource
2018-11-03 01:58:48,263 [Worker-2] WARN  o.e.m.c.i.embedder.EclipseLogger - Using platform encoding (MS949 actually) to copy filtered resources, i.e. build is platform dependent!
2018-11-03 01:58:48,264 [Worker-2] INFO  o.e.m.c.i.embedder.EclipseLogger - Copying 0 resource
2018-11-03 01:58:53,385 [Worker-4] WARN  o.e.m.c.i.embedder.EclipseLogger - Using platform encoding (MS949 actually) to copy filtered resources, i.e. build is platform dependent!
2018-11-03 01:58:53,386 [Worker-4] INFO  o.e.m.c.i.embedder.EclipseLogger - Copying 0 resource
2018-11-03 01:58:53,387 [Worker-4] WARN  o.e.m.c.i.embedder.EclipseLogger - Using platform encoding (MS949 actually) to copy filtered resources, i.e. build is platform dependent!
2018-11-03 01:58:53,388 [Worker-4] INFO  o.e.m.c.i.embedder.EclipseLogger - Copying 0 resource
2018-11-03 02:07:29,244 [Worker-5] WARN  o.e.m.c.i.embedder.EclipseLogger - Using platform encoding (MS949 actually) to copy filtered resources, i.e. build is platform dependent!
2018-11-03 02:07:29,246 [Worker-5] INFO  o.e.m.c.i.embedder.EclipseLogger - Copying 0 resource
2018-11-03 02:07:29,247 [Worker-5] WARN  o.e.m.c.i.embedder.EclipseLogger - Using platform encoding (MS949 actually) to copy filtered resources, i.e. build is platform dependent!
2018-11-03 02:07:29,248 [Worker-5] INFO  o.e.m.c.i.embedder.EclipseLogger - Copying 0 resource
2018-11-03 02:08:50,374 [Worker-5] WARN  o.e.m.c.i.embedder.EclipseLogger - Using platform encoding (MS949 actually) to copy filtered resources, i.e. build is platform dependent!
2018-11-03 02:08:50,375 [Worker-5] INFO  o.e.m.c.i.embedder.EclipseLogger - Copying 0 resource
2018-11-03 02:08:50,376 [Worker-5] WARN  o.e.m.c.i.embedder.EclipseLogger - Using platform encoding (MS949 actually) to copy filtered resources, i.e. build is platform dependent!
2018-11-03 02:08:50,377 [Worker-5] INFO  o.e.m.c.i.embedder.EclipseLogger - Copying 0 resource
2018-11-03 02:11:09,873 [Worker-13] WARN  o.e.m.c.i.embedder.EclipseLogger - Using platform encoding (MS949 actually) to copy filtered resources, i.e. build is platform dependent!
2018-11-03 02:11:09,880 [Worker-13] INFO  o.e.m.c.i.embedder.EclipseLogger - Copying 3 resources
2018-11-03 02:11:09,885 [Worker-13] WARN  o.e.m.c.i.embedder.EclipseLogger - Using platform encoding (MS949 actually) to copy filtered resources, i.e. build is platform dependent!
2018-11-03 02:11:09,886 [Worker-13] INFO  o.e.m.c.i.embedder.EclipseLogger - Copying 1 resource
2018-11-03 02:14:52,301 [Worker-3] WARN  o.e.m.c.i.embedder.EclipseLogger - Using platform encoding (MS949 actually) to copy filtered resources, i.e. build is platform dependent!
2018-11-03 02:14:52,308 [Worker-3] INFO  o.e.m.c.i.embedder.EclipseLogger - Copying 3 resources
2018-11-03 02:14:52,313 [Worker-3] WARN  o.e.m.c.i.embedder.EclipseLogger - Using platform encoding (MS949 actually) to copy filtered resources, i.e. build is platform dependent!
2018-11-03 02:14:52,314 [Worker-3] INFO  o.e.m.c.i.embedder.EclipseLogger - Copying 1 resource
2018-11-03 02:32:44,145 [Worker-27] WARN  o.e.m.c.i.embedder.EclipseLogger - Using platform encoding (MS949 actually) to copy filtered resources, i.e. build is platform dependent!
2018-11-03 02:32:44,150 [Worker-27] INFO  o.e.m.c.i.embedder.EclipseLogger - Copying 0 resource
2018-11-03 02:32:44,151 [Worker-27] WARN  o.e.m.c.i.embedder.EclipseLogger - Using platform encoding (MS949 actually) to copy filtered resources, i.e. build is platform dependent!
2018-11-03 02:32:44,153 [Worker-27] INFO  o.e.m.c.i.embedder.EclipseLogger - Copying 0 resource
2018-11-03 02:33:55,391 [Worker-23] WARN  o.e.m.c.i.embedder.EclipseLogger - Using platform encoding (MS949 actually) to copy filtered resources, i.e. build is platform dependent!
2018-11-03 02:33:55,392 [Worker-23] INFO  o.e.m.c.i.embedder.EclipseLogger - Copying 0 resource
2018-11-03 02:33:55,393 [Worker-23] WARN  o.e.m.c.i.embedder.EclipseLogger - Using platform encoding (MS949 actually) to copy filtered resources, i.e. build is platform dependent!
2018-11-03 02:33:55,394 [Worker-23] INFO  o.e.m.c.i.embedder.EclipseLogger - Copying 0 resource
2018-11-03 02:35:34,843 [Worker-28] WARN  o.e.m.c.i.embedder.EclipseLogger - Using platform encoding (MS949 actually) to copy filtered resources, i.e. build is platform dependent!
2018-11-03 02:35:34,844 [Worker-28] INFO  o.e.m.c.i.embedder.EclipseLogger - Copying 0 resource
2018-11-03 02:35:34,846 [Worker-28] WARN  o.e.m.c.i.embedder.EclipseLogger - Using platform encoding (MS949 actually) to copy filtered resources, i.e. build is platform dependent!
2018-11-03 02:35:34,848 [Worker-28] INFO  o.e.m.c.i.embedder.EclipseLogger - Copying 0 resource
2018-11-03 02:37:12,865 [Worker-29] WARN  o.e.m.c.i.embedder.EclipseLogger - Using platform encoding (MS949 actually) to copy filtered resources, i.e. build is platform dependent!
2018-11-03 02:37:12,866 [Worker-29] INFO  o.e.m.c.i.embedder.EclipseLogger - Copying 0 resource
2018-11-03 02:37:12,867 [Worker-29] WARN  o.e.m.c.i.embedder.EclipseLogger - Using platform encoding (MS949 actually) to copy filtered resources, i.e. build is platform dependent!
2018-11-03 02:37:12,869 [Worker-29] INFO  o.e.m.c.i.embedder.EclipseLogger - Copying 0 resource
2018-11-03 02:39:48,241 [Worker-23] WARN  o.e.m.c.i.embedder.EclipseLogger - Using platform encoding (MS949 actually) to copy filtered resources, i.e. build is platform dependent!
2018-11-03 02:39:48,242 [Worker-23] INFO  o.e.m.c.i.embedder.EclipseLogger - Copying 0 resource
2018-11-03 02:39:48,243 [Worker-23] WARN  o.e.m.c.i.embedder.EclipseLogger - Using platform encoding (MS949 actually) to copy filtered resources, i.e. build is platform dependent!
2018-11-03 02:39:48,245 [Worker-23] INFO  o.e.m.c.i.embedder.EclipseLogger - Copying 0 resource
2018-11-03 02:40:02,730 [Worker-29] WARN  o.e.m.c.i.embedder.EclipseLogger - Using platform encoding (MS949 actually) to copy filtered resources, i.e. build is platform dependent!
2018-11-03 02:40:02,731 [Worker-29] INFO  o.e.m.c.i.embedder.EclipseLogger - Copying 0 resource
2018-11-03 02:40:02,732 [Worker-29] WARN  o.e.m.c.i.embedder.EclipseLogger - Using platform encoding (MS949 actually) to copy filtered resources, i.e. build is platform dependent!
2018-11-03 02:40:02,734 [Worker-29] INFO  o.e.m.c.i.embedder.EclipseLogger - Copying 0 resource
2018-11-03 02:41:33,521 [Worker-31] WARN  o.e.m.c.i.embedder.EclipseLogger - Using platform encoding (MS949 actually) to copy filtered resources, i.e. build is platform dependent!
2018-11-03 02:41:33,523 [Worker-31] INFO  o.e.m.c.i.embedder.EclipseLogger - Copying 0 resource
2018-11-03 02:41:33,525 [Worker-31] WARN  o.e.m.c.i.embedder.EclipseLogger - Using platform encoding (MS949 actually) to copy filtered resources, i.e. build is platform dependent!
2018-11-03 02:41:33,527 [Worker-31] INFO  o.e.m.c.i.embedder.EclipseLogger - Copying 0 resource
